<?xml version="1.0" encoding="UTF-8"?>
<testsuite xmlns:xsi="http://www.w3.org/2001/XMLSchema-instance" xsi:noNamespaceSchemaLocation="https://maven.apache.org/surefire/maven-surefire-plugin/xsd/surefire-test-report.xsd" version="3.0.2" name="com.gameapp.integration.GameAppIntegrationTest" time="12.358" tests="16" errors="0" skipped="0" failures="0">
  <properties>
[...]
</properties>
  <testcase name="integrationTest_Root_RedirectsToLogin" classname="com.gameapp.integration.GameAppIntegrationTest" time="0.576">
    <system-out><![CDATA[2026-05-27T19:14:44.986+05:30  INFO 34488 --- [GameApp] [           main] t.c.s.AnnotationConfigContextLoaderUtils : Could not detect default configuration classes for test class [com.gameapp.integration.GameAppIntegrationTest]: GameAppIntegrationTest does not declare any static, non-private, non-final, nested classes annotated with @Configuration.
2026-05-27T19:14:45.019+05:30  INFO 34488 --- [GameApp] [           main] .b.t.c.SpringBootTestContextBootstrapper : Found @SpringBootConfiguration com.gameapp.GameAppApplication for test class com.gameapp.integration.GameAppIntegrationTest

  .   ____          _            __ _ _
 /\\ / ___'_ __ _ _(_)_ __  __ _ \ \ \ \
( ( )\___ | '_ | '_| | '_ \/ _` | \ \ \ \
 \\/  ___)| |_)| | | | | || (_| |  ) ) ) )
  '  |____| .__|_| |_|_| |_\__, | / / / /
 =========|_|==============|___/=/_/_/_/

 :: Spring Boot ::                (v3.5.0)

2026-05-27T19:14:45.105+05:30  INFO 34488 --- [GameApp] [           main] c.g.integration.GameAppIntegrationTest   : Starting GameAppIntegrationTest using Java 17.0.1 with PID 34488 (started by User in C:\Users\User\Desktop\Project\devsecops project\project\DevSecOps-AI-Powered)
2026-05-27T19:14:45.105+05:30 DEBUG 34488 --- [GameApp] [           main] c.g.integration.GameAppIntegrationTest   : Running with Spring Boot v3.5.0, Spring v6.2.7
2026-05-27T19:14:45.105+05:30  INFO 34488 --- [GameApp] [           main] c.g.integration.GameAppIntegrationTest   : The following 1 profile is active: "test"
2026-05-27T19:14:45.612+05:30  INFO 34488 --- [GameApp] [           main] .s.d.r.c.RepositoryConfigurationDelegate : Bootstrapping Spring Data JPA repositories in DEFAULT mode.
2026-05-27T19:14:45.642+05:30  INFO 34488 --- [GameApp] [           main] .s.d.r.c.RepositoryConfigurationDelegate : Finished Spring Data repository scanning in 25 ms. Found 1 JPA repository interface.
2026-05-27T19:14:45.895+05:30  INFO 34488 --- [GameApp] [           main] o.hibernate.jpa.internal.util.LogHelper  : HHH000204: Processing PersistenceUnitInfo [name: default]
2026-05-27T19:14:45.907+05:30  INFO 34488 --- [GameApp] [           main] o.h.c.internal.RegionFactoryInitiator    : HHH000026: Second-level cache disabled
2026-05-27T19:14:45.956+05:30  INFO 34488 --- [GameApp] [           main] o.s.o.j.p.SpringPersistenceUnitInfo      : No LoadTimeWeaver setup: ignoring JPA class transformer
2026-05-27T19:14:45.959+05:30  INFO 34488 --- [GameApp] [           main] com.zaxxer.hikari.HikariDataSource       : HikariPool-2 - Starting...
2026-05-27T19:14:45.963+05:30  INFO 34488 --- [GameApp] [           main] com.zaxxer.hikari.pool.HikariPool        : HikariPool-2 - Added connection conn3: url=jdbc:h2:mem:testdb user=SA
2026-05-27T19:14:45.963+05:30  INFO 34488 --- [GameApp] [           main] com.zaxxer.hikari.HikariDataSource       : HikariPool-2 - Start completed.
2026-05-27T19:14:45.964+05:30  WARN 34488 --- [GameApp] [           main] org.hibernate.orm.deprecation            : HHH90000025: H2Dialect does not need to be specified explicitly using 'hibernate.dialect' (remove the property setting and it will be selected by default)
2026-05-27T19:14:45.966+05:30  INFO 34488 --- [GameApp] [           main] org.hibernate.orm.connections.pooling    : HHH10001005: Database info:
	Database JDBC URL [Connecting through datasource 'HikariDataSource (HikariPool-2)']
	Database driver: undefined/unknown
	Database version: 2.3.232
	Autocommit mode: undefined/unknown
	Isolation level: undefined/unknown
	Minimum pool size: undefined/unknown
	Maximum pool size: undefined/unknown
2026-05-27T19:14:46.069+05:30  INFO 34488 --- [GameApp] [           main] o.h.e.t.j.p.i.JtaPlatformInitiator       : HHH000489: No JTA platform available (set 'hibernate.transaction.jta.platform' to enable JTA platform integration)
Hibernate: 
    drop table if exists users cascade 
Hibernate: 
    create table users (
        created_at timestamp(6),
        id bigint generated by default as identity,
        last_login timestamp(6),
        first_name varchar(50),
        last_name varchar(50),
        username varchar(50) not null unique,
        email varchar(100) not null unique,
        password varchar(255) not null,
        primary key (id)
    )
2026-05-27T19:14:46.083+05:30  INFO 34488 --- [GameApp] [           main] j.LocalContainerEntityManagerFactoryBean : Initialized JPA EntityManagerFactory for persistence unit 'default'
2026-05-27T19:14:46.262+05:30  WARN 34488 --- [GameApp] [           main] JpaBaseConfiguration$JpaWebConfiguration : spring.jpa.open-in-view is enabled by default. Therefore, database queries may be performed during view rendering. Explicitly configure spring.jpa.open-in-view to disable this warning
2026-05-27T19:14:46.450+05:30  INFO 34488 --- [GameApp] [           main] r$InitializeUserDetailsManagerConfigurer : Global AuthenticationManager configured with UserDetailsService bean with name userService
2026-05-27T19:14:46.497+05:30 DEBUG 34488 --- [GameApp] [           main] o.s.s.web.DefaultSecurityFilterChain     : Will secure any request with filters: DisableEncodeUrlFilter, WebAsyncManagerIntegrationFilter, SecurityContextHolderFilter, HeaderWriterFilter, CsrfFilter, LogoutFilter, UsernamePasswordAuthenticationFilter, ConcurrentSessionFilter, RequestCacheAwareFilter, SecurityContextHolderAwareRequestFilter, AnonymousAuthenticationFilter, SessionManagementFilter, ExceptionTranslationFilter, AuthorizationFilter
2026-05-27T19:14:46.582+05:30  INFO 34488 --- [GameApp] [           main] o.s.v.b.OptionalValidatorFactoryBean     : Failed to set up a Bean Validation provider: jakarta.validation.NoProviderFoundException: Unable to create a Configuration, because no Jakarta Bean Validation provider could be found. Add a provider like Hibernate Validator (RI) to your classpath.
2026-05-27T19:14:46.653+05:30  INFO 34488 --- [GameApp] [           main] o.s.b.a.h2.H2ConsoleAutoConfiguration    : H2 console available at '/h2-console'. Database available at 'jdbc:h2:mem:testdb'
2026-05-27T19:14:46.717+05:30  INFO 34488 --- [GameApp] [           main] o.s.b.t.m.w.SpringBootMockServletContext : Initializing Spring TestDispatcherServlet ''
2026-05-27T19:14:46.718+05:30  INFO 34488 --- [GameApp] [           main] o.s.t.web.servlet.TestDispatcherServlet  : Initializing Servlet ''
2026-05-27T19:14:46.721+05:30  INFO 34488 --- [GameApp] [           main] o.s.t.web.servlet.TestDispatcherServlet  : Completed initialization in 3 ms
2026-05-27T19:14:46.743+05:30  INFO 34488 --- [GameApp] [           main] c.g.integration.GameAppIntegrationTest   : Started GameAppIntegrationTest in 1.714 seconds (process running for 31.501)
Hibernate: 
    select
        u1_0.id,
        u1_0.created_at,
        u1_0.email,
        u1_0.first_name,
        u1_0.last_login,
        u1_0.last_name,
        u1_0.password,
        u1_0.username 
    from
        users u1_0
2026-05-27T19:14:47.312+05:30 DEBUG 34488 --- [GameApp] [           main] o.s.security.web.FilterChainProxy        : Securing GET /
2026-05-27T19:14:47.313+05:30 DEBUG 34488 --- [GameApp] [           main] o.s.s.w.a.AnonymousAuthenticationFilter  : Set SecurityContextHolder to anonymous SecurityContext
2026-05-27T19:14:47.313+05:30 DEBUG 34488 --- [GameApp] [           main] o.s.security.web.FilterChainProxy        : Secured GET /
]]></system-out>
  </testcase>
  <testcase name="integrationTest_MultipleUsers_PersistIndependently" classname="com.gameapp.integration.GameAppIntegrationTest" time="2.642">
    <system-out><![CDATA[Hibernate: 
    select
        u1_0.id,
        u1_0.created_at,
        u1_0.email,
        u1_0.first_name,
        u1_0.last_login,
        u1_0.last_name,
        u1_0.password,
        u1_0.username 
    from
        users u1_0
Hibernate: 
    select
        u1_0.id 
    from
        users u1_0 
    where
        u1_0.username=? 
    fetch
        first ? rows only
Hibernate: 
    select
        u1_0.id 
    from
        users u1_0 
    where
        u1_0.email=? 
    fetch
        first ? rows only
Hibernate: 
    insert 
    into
        users
        (created_at, email, first_name, last_login, last_name, password, username, id) 
    values
        (?, ?, ?, ?, ?, ?, ?, default)
Hibernate: 
    select
        u1_0.id 
    from
        users u1_0 
    where
        u1_0.username=? 
    fetch
        first ? rows only
Hibernate: 
    select
        u1_0.id 
    from
        users u1_0 
    where
        u1_0.email=? 
    fetch
        first ? rows only
Hibernate: 
    insert 
    into
        users
        (created_at, email, first_name, last_login, last_name, password, username, id) 
    values
        (?, ?, ?, ?, ?, ?, ?, default)
Hibernate: 
    select
        u1_0.id 
    from
        users u1_0 
    where
        u1_0.username=? 
    fetch
        first ? rows only
Hibernate: 
    select
        u1_0.id 
    from
        users u1_0 
    where
        u1_0.email=? 
    fetch
        first ? rows only
Hibernate: 
    insert 
    into
        users
        (created_at, email, first_name, last_login, last_name, password, username, id) 
    values
        (?, ?, ?, ?, ?, ?, ?, default)
Hibernate: 
    select
        count(*) 
    from
        users u1_0
Hibernate: 
    select
        u1_0.id 
    from
        users u1_0 
    where
        u1_0.username=? 
    fetch
        first ? rows only
Hibernate: 
    select
        u1_0.id 
    from
        users u1_0 
    where
        u1_0.username=? 
    fetch
        first ? rows only
Hibernate: 
    select
        u1_0.id 
    from
        users u1_0 
    where
        u1_0.username=? 
    fetch
        first ? rows only
]]></system-out>
  </testcase>
  <testcase name="integrationTest_Login_Success_RedirectsToDashboard" classname="com.gameapp.integration.GameAppIntegrationTest" time="1.596">
    <system-out><![CDATA[Hibernate: 
    select
        u1_0.id,
        u1_0.created_at,
        u1_0.email,
        u1_0.first_name,
        u1_0.last_login,
        u1_0.last_name,
        u1_0.password,
        u1_0.username 
    from
        users u1_0
Hibernate: 
    delete 
    from
        users 
    where
        id=?
Hibernate: 
    delete 
    from
        users 
    where
        id=?
Hibernate: 
    delete 
    from
        users 
    where
        id=?
Hibernate: 
    select
        u1_0.id 
    from
        users u1_0 
    where
        u1_0.username=? 
    fetch
        first ? rows only
Hibernate: 
    select
        u1_0.id 
    from
        users u1_0 
    where
        u1_0.email=? 
    fetch
        first ? rows only
Hibernate: 
    insert 
    into
        users
        (created_at, email, first_name, last_login, last_name, password, username, id) 
    values
        (?, ?, ?, ?, ?, ?, ?, default)
2026-05-27T19:14:50.559+05:30 DEBUG 34488 --- [GameApp] [           main] o.s.security.web.FilterChainProxy        : Securing POST /login
Hibernate: 
    select
        u1_0.id,
        u1_0.created_at,
        u1_0.email,
        u1_0.first_name,
        u1_0.last_login,
        u1_0.last_name,
        u1_0.password,
        u1_0.username 
    from
        users u1_0 
    where
        u1_0.username=?
2026-05-27T19:14:51.556+05:30 DEBUG 34488 --- [GameApp] [           main] o.s.s.a.dao.DaoAuthenticationProvider    : Authenticated user
2026-05-27T19:14:51.557+05:30 DEBUG 34488 --- [GameApp] [           main] o.s.s.core.session.SessionRegistryImpl   : Registering session 19, for principal org.springframework.security.core.userdetails.User [Username=loginuser, Password=[PROTECTED], Enabled=true, AccountNonExpired=true, CredentialsNonExpired=true, AccountNonLocked=true, Granted Authorities=[ROLE_USER]]
2026-05-27T19:14:51.559+05:30 DEBUG 34488 --- [GameApp] [           main] w.c.HttpSessionSecurityContextRepository : Stored SecurityContextImpl [Authentication=UsernamePasswordAuthenticationToken [Principal=org.springframework.security.core.userdetails.User [Username=loginuser, Password=[PROTECTED], Enabled=true, AccountNonExpired=true, CredentialsNonExpired=true, AccountNonLocked=true, Granted Authorities=[ROLE_USER]], Credentials=[PROTECTED], Authenticated=true, Details=WebAuthenticationDetails [RemoteIpAddress=127.0.0.1, SessionId=null], Granted Authorities=[ROLE_USER]]] to HttpSession [org.springframework.mock.web.MockHttpSession@67d9b5fa]
2026-05-27T19:14:51.559+05:30 DEBUG 34488 --- [GameApp] [           main] w.a.UsernamePasswordAuthenticationFilter : Set SecurityContextHolder to UsernamePasswordAuthenticationToken [Principal=org.springframework.security.core.userdetails.User [Username=loginuser, Password=[PROTECTED], Enabled=true, AccountNonExpired=true, CredentialsNonExpired=true, AccountNonLocked=true, Granted Authorities=[ROLE_USER]], Credentials=[PROTECTED], Authenticated=true, Details=WebAuthenticationDetails [RemoteIpAddress=127.0.0.1, SessionId=null], Granted Authorities=[ROLE_USER]]
2026-05-27T19:14:51.560+05:30 DEBUG 34488 --- [GameApp] [           main] o.s.s.web.DefaultRedirectStrategy        : Redirecting to /dashboard
]]></system-out>
  </testcase>
  <testcase name="integrationTest_Login_WrongPassword_RedirectsWithError" classname="com.gameapp.integration.GameAppIntegrationTest" time="1.236">
    <system-out><![CDATA[Hibernate: 
    select
        u1_0.id,
        u1_0.created_at,
        u1_0.email,
        u1_0.first_name,
        u1_0.last_login,
        u1_0.last_name,
        u1_0.password,
        u1_0.username 
    from
        users u1_0
Hibernate: 
    delete 
    from
        users 
    where
        id=?
Hibernate: 
    select
        u1_0.id 
    from
        users u1_0 
    where
        u1_0.username=? 
    fetch
        first ? rows only
Hibernate: 
    select
        u1_0.id 
    from
        users u1_0 
    where
        u1_0.email=? 
    fetch
        first ? rows only
Hibernate: 
    insert 
    into
        users
        (created_at, email, first_name, last_login, last_name, password, username, id) 
    values
        (?, ?, ?, ?, ?, ?, ?, default)
2026-05-27T19:14:52.288+05:30 DEBUG 34488 --- [GameApp] [           main] o.s.security.web.FilterChainProxy        : Securing POST /login
Hibernate: 
    select
        u1_0.id,
        u1_0.created_at,
        u1_0.email,
        u1_0.first_name,
        u1_0.last_login,
        u1_0.last_name,
        u1_0.password,
        u1_0.username 
    from
        users u1_0 
    where
        u1_0.username=?
2026-05-27T19:14:52.791+05:30 DEBUG 34488 --- [GameApp] [           main] o.s.s.a.dao.DaoAuthenticationProvider    : Failed to authenticate since password does not match stored value
2026-05-27T19:14:52.799+05:30 DEBUG 34488 --- [GameApp] [           main] o.s.s.authentication.ProviderManager     : Authentication failed with provider DaoAuthenticationProvider since Bad credentials
2026-05-27T19:14:52.800+05:30 DEBUG 34488 --- [GameApp] [           main] o.s.s.authentication.ProviderManager     : Denying authentication since all attempted providers failed
2026-05-27T19:14:52.800+05:30 DEBUG 34488 --- [GameApp] [           main] o.s.s.web.DefaultRedirectStrategy        : Redirecting to /login?error=true
]]></system-out>
  </testcase>
  <testcase name="integrationTest_Snake_Authenticated_Returns200" classname="com.gameapp.integration.GameAppIntegrationTest" time="0.766">
    <system-out><![CDATA[Hibernate: 
    select
        u1_0.id,
        u1_0.created_at,
        u1_0.email,
        u1_0.first_name,
        u1_0.last_login,
        u1_0.last_name,
        u1_0.password,
        u1_0.username 
    from
        users u1_0
Hibernate: 
    delete 
    from
        users 
    where
        id=?
Hibernate: 
    select
        u1_0.id 
    from
        users u1_0 
    where
        u1_0.username=? 
    fetch
        first ? rows only
Hibernate: 
    select
        u1_0.id 
    from
        users u1_0 
    where
        u1_0.email=? 
    fetch
        first ? rows only
Hibernate: 
    insert 
    into
        users
        (created_at, email, first_name, last_login, last_name, password, username, id) 
    values
        (?, ?, ?, ?, ?, ?, ?, default)
2026-05-27T19:14:53.467+05:30 DEBUG 34488 --- [GameApp] [           main] w.c.HttpSessionSecurityContextRepository : Created HttpSession as SecurityContext is non-default
2026-05-27T19:14:53.467+05:30 DEBUG 34488 --- [GameApp] [           main] w.c.HttpSessionSecurityContextRepository : Stored SecurityContextImpl [Authentication=UsernamePasswordAuthenticationToken [Principal=org.springframework.security.core.userdetails.User [Username=snakeuser, Password=[PROTECTED], Enabled=true, AccountNonExpired=true, CredentialsNonExpired=true, AccountNonLocked=true, Granted Authorities=[ROLE_USER]], Credentials=[PROTECTED], Authenticated=true, Details=null, Granted Authorities=[ROLE_USER]]] to HttpSession [org.springframework.mock.web.MockHttpSession@6e6208d4]
2026-05-27T19:14:53.468+05:30 DEBUG 34488 --- [GameApp] [           main] o.s.security.web.FilterChainProxy        : Securing GET /game/snake
2026-05-27T19:14:53.470+05:30 DEBUG 34488 --- [GameApp] [           main] w.c.HttpSessionSecurityContextRepository : Retrieved SecurityContextImpl [Authentication=UsernamePasswordAuthenticationToken [Principal=org.springframework.security.core.userdetails.User [Username=snakeuser, Password=[PROTECTED], Enabled=true, AccountNonExpired=true, CredentialsNonExpired=true, AccountNonLocked=true, Granted Authorities=[ROLE_USER]], Credentials=[PROTECTED], Authenticated=true, Details=null, Granted Authorities=[ROLE_USER]]]
2026-05-27T19:14:53.470+05:30 DEBUG 34488 --- [GameApp] [           main] o.s.security.web.FilterChainProxy        : Secured GET /game/snake
Hibernate: 
    select
        u1_0.id,
        u1_0.created_at,
        u1_0.email,
        u1_0.first_name,
        u1_0.last_login,
        u1_0.last_name,
        u1_0.password,
        u1_0.username 
    from
        users u1_0 
    where
        u1_0.username=?
]]></system-out>
  </testcase>
  <testcase name="integrationTest_Dashboard_RequiresAuth" classname="com.gameapp.integration.GameAppIntegrationTest" time="0.021">
    <system-out><![CDATA[Hibernate: 
    select
        u1_0.id,
        u1_0.created_at,
        u1_0.email,
        u1_0.first_name,
        u1_0.last_login,
        u1_0.last_name,
        u1_0.password,
        u1_0.username 
    from
        users u1_0
Hibernate: 
    delete 
    from
        users 
    where
        id=?
2026-05-27T19:14:53.589+05:30 DEBUG 34488 --- [GameApp] [           main] o.s.security.web.FilterChainProxy        : Securing GET /dashboard
2026-05-27T19:14:53.590+05:30 DEBUG 34488 --- [GameApp] [           main] o.s.s.w.a.AnonymousAuthenticationFilter  : Set SecurityContextHolder to anonymous SecurityContext
2026-05-27T19:14:53.591+05:30 DEBUG 34488 --- [GameApp] [           main] o.s.s.w.s.HttpSessionRequestCache        : Saved request http://localhost/dashboard?continue to session
2026-05-27T19:14:53.591+05:30 DEBUG 34488 --- [GameApp] [           main] o.s.s.web.DefaultRedirectStrategy        : Redirecting to http://localhost/login
]]></system-out>
  </testcase>
  <testcase name="integrationTest_Login_UnknownUser_RedirectsWithError" classname="com.gameapp.integration.GameAppIntegrationTest" time="0.579">
    <system-out><![CDATA[Hibernate: 
    select
        u1_0.id,
        u1_0.created_at,
        u1_0.email,
        u1_0.first_name,
        u1_0.last_login,
        u1_0.last_name,
        u1_0.password,
        u1_0.username 
    from
        users u1_0
2026-05-27T19:14:53.625+05:30 DEBUG 34488 --- [GameApp] [           main] o.s.security.web.FilterChainProxy        : Securing POST /login
Hibernate: 
    select
        u1_0.id,
        u1_0.created_at,
        u1_0.email,
        u1_0.first_name,
        u1_0.last_login,
        u1_0.last_name,
        u1_0.password,
        u1_0.username 
    from
        users u1_0 
    where
        u1_0.username=?
2026-05-27T19:14:54.172+05:30 DEBUG 34488 --- [GameApp] [           main] o.s.s.a.dao.DaoAuthenticationProvider    : Failed to find user 'ghostuser'
2026-05-27T19:14:54.172+05:30 DEBUG 34488 --- [GameApp] [           main] o.s.s.authentication.ProviderManager     : Authentication failed with provider DaoAuthenticationProvider since Bad credentials
2026-05-27T19:14:54.172+05:30 DEBUG 34488 --- [GameApp] [           main] o.s.s.authentication.ProviderManager     : Denying authentication since all attempted providers failed
2026-05-27T19:14:54.172+05:30 DEBUG 34488 --- [GameApp] [           main] o.s.s.web.DefaultRedirectStrategy        : Redirecting to /login?error=true
]]></system-out>
  </testcase>
  <testcase name="integrationTest_LoginPage_PubliclyAccessible" classname="com.gameapp.integration.GameAppIntegrationTest" time="0.039">
    <system-out><![CDATA[Hibernate: 
    select
        u1_0.id,
        u1_0.created_at,
        u1_0.email,
        u1_0.first_name,
        u1_0.last_login,
        u1_0.last_name,
        u1_0.password,
        u1_0.username 
    from
        users u1_0
2026-05-27T19:14:54.200+05:30 DEBUG 34488 --- [GameApp] [           main] o.s.security.web.FilterChainProxy        : Securing GET /login
2026-05-27T19:14:54.201+05:30 DEBUG 34488 --- [GameApp] [           main] o.s.s.w.a.AnonymousAuthenticationFilter  : Set SecurityContextHolder to anonymous SecurityContext
2026-05-27T19:14:54.201+05:30 DEBUG 34488 --- [GameApp] [           main] o.s.security.web.FilterChainProxy        : Secured GET /login
]]></system-out>
  </testcase>
  <testcase name="integrationTest_Calculator_Authenticated_Returns200" classname="com.gameapp.integration.GameAppIntegrationTest" time="0.599">
    <system-out><![CDATA[Hibernate: 
    select
        u1_0.id,
        u1_0.created_at,
        u1_0.email,
        u1_0.first_name,
        u1_0.last_login,
        u1_0.last_name,
        u1_0.password,
        u1_0.username 
    from
        users u1_0
Hibernate: 
    select
        u1_0.id 
    from
        users u1_0 
    where
        u1_0.username=? 
    fetch
        first ? rows only
Hibernate: 
    select
        u1_0.id 
    from
        users u1_0 
    where
        u1_0.email=? 
    fetch
        first ? rows only
Hibernate: 
    insert 
    into
        users
        (created_at, email, first_name, last_login, last_name, password, username, id) 
    values
        (?, ?, ?, ?, ?, ?, ?, default)
2026-05-27T19:14:54.777+05:30 DEBUG 34488 --- [GameApp] [           main] w.c.HttpSessionSecurityContextRepository : Created HttpSession as SecurityContext is non-default
2026-05-27T19:14:54.778+05:30 DEBUG 34488 --- [GameApp] [           main] w.c.HttpSessionSecurityContextRepository : Stored SecurityContextImpl [Authentication=UsernamePasswordAuthenticationToken [Principal=org.springframework.security.core.userdetails.User [Username=calcuser, Password=[PROTECTED], Enabled=true, AccountNonExpired=true, CredentialsNonExpired=true, AccountNonLocked=true, Granted Authorities=[ROLE_USER]], Credentials=[PROTECTED], Authenticated=true, Details=null, Granted Authorities=[ROLE_USER]]] to HttpSession [org.springframework.mock.web.MockHttpSession@24126432]
2026-05-27T19:14:54.779+05:30 DEBUG 34488 --- [GameApp] [           main] o.s.security.web.FilterChainProxy        : Securing GET /calculator
2026-05-27T19:14:54.780+05:30 DEBUG 34488 --- [GameApp] [           main] w.c.HttpSessionSecurityContextRepository : Retrieved SecurityContextImpl [Authentication=UsernamePasswordAuthenticationToken [Principal=org.springframework.security.core.userdetails.User [Username=calcuser, Password=[PROTECTED], Enabled=true, AccountNonExpired=true, CredentialsNonExpired=true, AccountNonLocked=true, Granted Authorities=[ROLE_USER]], Credentials=[PROTECTED], Authenticated=true, Details=null, Granted Authorities=[ROLE_USER]]]
2026-05-27T19:14:54.780+05:30 DEBUG 34488 --- [GameApp] [           main] o.s.security.web.FilterChainProxy        : Secured GET /calculator
Hibernate: 
    select
        u1_0.id,
        u1_0.created_at,
        u1_0.email,
        u1_0.first_name,
        u1_0.last_login,
        u1_0.last_name,
        u1_0.password,
        u1_0.username 
    from
        users u1_0 
    where
        u1_0.username=?
]]></system-out>
  </testcase>
  <testcase name="integrationTest_Dashboard_Authenticated_Returns200" classname="com.gameapp.integration.GameAppIntegrationTest" time="0.57">
    <system-out><![CDATA[Hibernate: 
    select
        u1_0.id,
        u1_0.created_at,
        u1_0.email,
        u1_0.first_name,
        u1_0.last_login,
        u1_0.last_name,
        u1_0.password,
        u1_0.username 
    from
        users u1_0
Hibernate: 
    delete 
    from
        users 
    where
        id=?
Hibernate: 
    select
        u1_0.id 
    from
        users u1_0 
    where
        u1_0.username=? 
    fetch
        first ? rows only
Hibernate: 
    select
        u1_0.id 
    from
        users u1_0 
    where
        u1_0.email=? 
    fetch
        first ? rows only
Hibernate: 
    insert 
    into
        users
        (created_at, email, first_name, last_login, last_name, password, username, id) 
    values
        (?, ?, ?, ?, ?, ?, ?, default)
2026-05-27T19:14:55.358+05:30 DEBUG 34488 --- [GameApp] [           main] w.c.HttpSessionSecurityContextRepository : Created HttpSession as SecurityContext is non-default
2026-05-27T19:14:55.359+05:30 DEBUG 34488 --- [GameApp] [           main] w.c.HttpSessionSecurityContextRepository : Stored SecurityContextImpl [Authentication=UsernamePasswordAuthenticationToken [Principal=org.springframework.security.core.userdetails.User [Username=dashuser, Password=[PROTECTED], Enabled=true, AccountNonExpired=true, CredentialsNonExpired=true, AccountNonLocked=true, Granted Authorities=[ROLE_USER]], Credentials=[PROTECTED], Authenticated=true, Details=null, Granted Authorities=[ROLE_USER]]] to HttpSession [org.springframework.mock.web.MockHttpSession@12ee057f]
2026-05-27T19:14:55.360+05:30 DEBUG 34488 --- [GameApp] [           main] o.s.security.web.FilterChainProxy        : Securing GET /dashboard
2026-05-27T19:14:55.361+05:30 DEBUG 34488 --- [GameApp] [           main] w.c.HttpSessionSecurityContextRepository : Retrieved SecurityContextImpl [Authentication=UsernamePasswordAuthenticationToken [Principal=org.springframework.security.core.userdetails.User [Username=dashuser, Password=[PROTECTED], Enabled=true, AccountNonExpired=true, CredentialsNonExpired=true, AccountNonLocked=true, Granted Authorities=[ROLE_USER]], Credentials=[PROTECTED], Authenticated=true, Details=null, Granted Authorities=[ROLE_USER]]]
2026-05-27T19:14:55.361+05:30 DEBUG 34488 --- [GameApp] [           main] o.s.security.web.FilterChainProxy        : Secured GET /dashboard
Hibernate: 
    select
        u1_0.id,
        u1_0.created_at,
        u1_0.email,
        u1_0.first_name,
        u1_0.last_login,
        u1_0.last_name,
        u1_0.password,
        u1_0.username 
    from
        users u1_0 
    where
        u1_0.username=?
Hibernate: 
    select
        count(*) 
    from
        users u1_0
]]></system-out>
  </testcase>
  <testcase name="integrationTest_Calculator_RequiresAuth" classname="com.gameapp.integration.GameAppIntegrationTest" time="0.051">
    <system-out><![CDATA[Hibernate: 
    select
        u1_0.id,
        u1_0.created_at,
        u1_0.email,
        u1_0.first_name,
        u1_0.last_login,
        u1_0.last_name,
        u1_0.password,
        u1_0.username 
    from
        users u1_0
Hibernate: 
    delete 
    from
        users 
    where
        id=?
2026-05-27T19:14:55.429+05:30 DEBUG 34488 --- [GameApp] [           main] o.s.security.web.FilterChainProxy        : Securing GET /calculator
2026-05-27T19:14:55.431+05:30 DEBUG 34488 --- [GameApp] [           main] o.s.s.w.a.AnonymousAuthenticationFilter  : Set SecurityContextHolder to anonymous SecurityContext
2026-05-27T19:14:55.441+05:30 DEBUG 34488 --- [GameApp] [           main] o.s.s.w.s.HttpSessionRequestCache        : Saved request http://localhost/calculator?continue to session
2026-05-27T19:14:55.441+05:30 DEBUG 34488 --- [GameApp] [           main] o.s.s.web.DefaultRedirectStrategy        : Redirecting to http://localhost/login
]]></system-out>
  </testcase>
  <testcase name="integrationTest_Snake_RequiresAuth" classname="com.gameapp.integration.GameAppIntegrationTest" time="0.022">
    <system-out><![CDATA[Hibernate: 
    select
        u1_0.id,
        u1_0.created_at,
        u1_0.email,
        u1_0.first_name,
        u1_0.last_login,
        u1_0.last_name,
        u1_0.password,
        u1_0.username 
    from
        users u1_0
2026-05-27T19:14:55.464+05:30 DEBUG 34488 --- [GameApp] [           main] o.s.security.web.FilterChainProxy        : Securing GET /game/snake
2026-05-27T19:14:55.464+05:30 DEBUG 34488 --- [GameApp] [           main] o.s.s.w.a.AnonymousAuthenticationFilter  : Set SecurityContextHolder to anonymous SecurityContext
2026-05-27T19:14:55.466+05:30 DEBUG 34488 --- [GameApp] [           main] o.s.s.w.s.HttpSessionRequestCache        : Saved request http://localhost/game/snake?continue to session
2026-05-27T19:14:55.466+05:30 DEBUG 34488 --- [GameApp] [           main] o.s.s.web.DefaultRedirectStrategy        : Redirecting to http://localhost/login
]]></system-out>
  </testcase>
  <testcase name="integrationTest_Register_DuplicateUsername_NoSave" classname="com.gameapp.integration.GameAppIntegrationTest" time="0.636">
    <system-out><![CDATA[Hibernate: 
    select
        u1_0.id,
        u1_0.created_at,
        u1_0.email,
        u1_0.first_name,
        u1_0.last_login,
        u1_0.last_name,
        u1_0.password,
        u1_0.username 
    from
        users u1_0
Hibernate: 
    select
        u1_0.id 
    from
        users u1_0 
    where
        u1_0.username=? 
    fetch
        first ? rows only
Hibernate: 
    select
        u1_0.id 
    from
        users u1_0 
    where
        u1_0.email=? 
    fetch
        first ? rows only
Hibernate: 
    insert 
    into
        users
        (created_at, email, first_name, last_login, last_name, password, username, id) 
    values
        (?, ?, ?, ?, ?, ?, ?, default)
Hibernate: 
    select
        count(*) 
    from
        users u1_0
2026-05-27T19:14:56.084+05:30 DEBUG 34488 --- [GameApp] [           main] o.s.security.web.FilterChainProxy        : Securing POST /register
2026-05-27T19:14:56.085+05:30 DEBUG 34488 --- [GameApp] [           main] o.s.s.w.a.AnonymousAuthenticationFilter  : Set SecurityContextHolder to anonymous SecurityContext
2026-05-27T19:14:56.085+05:30 DEBUG 34488 --- [GameApp] [           main] o.s.security.web.FilterChainProxy        : Secured POST /register
Hibernate: 
    select
        u1_0.id 
    from
        users u1_0 
    where
        u1_0.username=? 
    fetch
        first ? rows only
Hibernate: 
    select
        count(*) 
    from
        users u1_0
]]></system-out>
  </testcase>
  <testcase name="integrationTest_Logout_Redirects" classname="com.gameapp.integration.GameAppIntegrationTest" time="0.081">
    <system-out><![CDATA[Hibernate: 
    select
        u1_0.id,
        u1_0.created_at,
        u1_0.email,
        u1_0.first_name,
        u1_0.last_login,
        u1_0.last_name,
        u1_0.password,
        u1_0.username 
    from
        users u1_0
Hibernate: 
    delete 
    from
        users 
    where
        id=?
2026-05-27T19:14:56.143+05:30 DEBUG 34488 --- [GameApp] [           main] w.c.HttpSessionSecurityContextRepository : Created HttpSession as SecurityContext is non-default
2026-05-27T19:14:56.143+05:30 DEBUG 34488 --- [GameApp] [           main] w.c.HttpSessionSecurityContextRepository : Stored SecurityContextImpl [Authentication=UsernamePasswordAuthenticationToken [Principal=org.springframework.security.core.userdetails.User [Username=someuser, Password=[PROTECTED], Enabled=true, AccountNonExpired=true, CredentialsNonExpired=true, AccountNonLocked=true, Granted Authorities=[ROLE_USER]], Credentials=[PROTECTED], Authenticated=true, Details=null, Granted Authorities=[ROLE_USER]]] to HttpSession [org.springframework.mock.web.MockHttpSession@6515f023]
2026-05-27T19:14:56.144+05:30 DEBUG 34488 --- [GameApp] [           main] o.s.security.web.FilterChainProxy        : Securing POST /logout
2026-05-27T19:14:56.145+05:30 DEBUG 34488 --- [GameApp] [           main] w.c.HttpSessionSecurityContextRepository : Retrieved SecurityContextImpl [Authentication=UsernamePasswordAuthenticationToken [Principal=org.springframework.security.core.userdetails.User [Username=someuser, Password=[PROTECTED], Enabled=true, AccountNonExpired=true, CredentialsNonExpired=true, AccountNonLocked=true, Granted Authorities=[ROLE_USER]], Credentials=[PROTECTED], Authenticated=true, Details=null, Granted Authorities=[ROLE_USER]]]
2026-05-27T19:14:56.145+05:30 DEBUG 34488 --- [GameApp] [           main] o.s.s.w.a.logout.LogoutFilter            : Logging out [UsernamePasswordAuthenticationToken [Principal=org.springframework.security.core.userdetails.User [Username=someuser, Password=[PROTECTED], Enabled=true, AccountNonExpired=true, CredentialsNonExpired=true, AccountNonLocked=true, Granted Authorities=[ROLE_USER]], Credentials=[PROTECTED], Authenticated=true, Details=null, Granted Authorities=[ROLE_USER]]]
2026-05-27T19:14:56.185+05:30 DEBUG 34488 --- [GameApp] [           main] o.s.s.w.a.l.SecurityContextLogoutHandler : Invalidated session 29
2026-05-27T19:14:56.186+05:30 DEBUG 34488 --- [GameApp] [           main] o.s.s.web.DefaultRedirectStrategy        : Redirecting to /login?logout=true
]]></system-out>
  </testcase>
  <testcase name="integrationTest_RegisterPage_PubliclyAccessible" classname="com.gameapp.integration.GameAppIntegrationTest" time="0.074">
    <system-out><![CDATA[Hibernate: 
    select
        u1_0.id,
        u1_0.created_at,
        u1_0.email,
        u1_0.first_name,
        u1_0.last_login,
        u1_0.last_name,
        u1_0.password,
        u1_0.username 
    from
        users u1_0
2026-05-27T19:14:56.234+05:30 DEBUG 34488 --- [GameApp] [           main] o.s.security.web.FilterChainProxy        : Securing GET /register
2026-05-27T19:14:56.236+05:30 DEBUG 34488 --- [GameApp] [           main] o.s.s.w.a.AnonymousAuthenticationFilter  : Set SecurityContextHolder to anonymous SecurityContext
2026-05-27T19:14:56.237+05:30 DEBUG 34488 --- [GameApp] [           main] o.s.security.web.FilterChainProxy        : Secured GET /register
]]></system-out>
  </testcase>
  <testcase name="integrationTest_Register_SavesUserAndRedirects" classname="com.gameapp.integration.GameAppIntegrationTest" time="1.053">
    <system-out><![CDATA[Hibernate: 
    select
        u1_0.id,
        u1_0.created_at,
        u1_0.email,
        u1_0.first_name,
        u1_0.last_login,
        u1_0.last_name,
        u1_0.password,
        u1_0.username 
    from
        users u1_0
2026-05-27T19:14:56.315+05:30 DEBUG 34488 --- [GameApp] [           main] o.s.security.web.FilterChainProxy        : Securing POST /register
2026-05-27T19:14:56.316+05:30 DEBUG 34488 --- [GameApp] [           main] o.s.s.w.a.AnonymousAuthenticationFilter  : Set SecurityContextHolder to anonymous SecurityContext
2026-05-27T19:14:56.317+05:30 DEBUG 34488 --- [GameApp] [           main] o.s.security.web.FilterChainProxy        : Secured POST /register
Hibernate: 
    select
        u1_0.id 
    from
        users u1_0 
    where
        u1_0.username=? 
    fetch
        first ? rows only
Hibernate: 
    select
        u1_0.id 
    from
        users u1_0 
    where
        u1_0.email=? 
    fetch
        first ? rows only
Hibernate: 
    insert 
    into
        users
        (created_at, email, first_name, last_login, last_name, password, username, id) 
    values
        (?, ?, ?, ?, ?, ?, ?, default)
Hibernate: 
    select
        u1_0.id 
    from
        users u1_0 
    where
        u1_0.username=? 
    fetch
        first ? rows only
Hibernate: 
    select
        u1_0.id,
        u1_0.created_at,
        u1_0.email,
        u1_0.first_name,
        u1_0.last_login,
        u1_0.last_name,
        u1_0.password,
        u1_0.username 
    from
        users u1_0 
    where
        u1_0.username=?
]]></system-out>
  </testcase>
</testsuite>