<?xml version="1.0" encoding="UTF-8"?><testsuites failures="74" name="dependency-check" tests="39"><testsuite failures="0" errors="0" time="0" id="0" name="C:\Users\User\.m2\repository\com\zaxxer\HikariCP\6.3.0\HikariCP-6.3.0.jar" package="HikariCP-6.3.0.jar" skipped="0" tests="1" timestamp="2026-05-27T19:46:11.2235925"><testcase classname="dependency-check" name="HikariCP-6.3.0.jar"/></testsuite><testsuite failures="0" errors="0" time="0" id="1" name="C:\Users\User\.m2\repository\org\eclipse\angus\angus-activation\2.0.2\angus-activation-2.0.2.jar" package="angus-activation-2.0.2.jar" skipped="0" tests="1" timestamp="2026-05-27T19:46:11.2235925"><testcase classname="dependency-check" name="angus-activation-2.0.2.jar"/></testsuite><testsuite failures="0" errors="0" time="0" id="2" name="C:\Users\User\.m2\repository\org\antlr\antlr4-runtime\4.13.0\antlr4-runtime-4.13.0.jar" package="antlr4-runtime-4.13.0.jar" skipped="0" tests="1" timestamp="2026-05-27T19:46:11.2235925"><testcase classname="dependency-check" name="antlr4-runtime-4.13.0.jar"/></testsuite><testsuite failures="0" errors="0" time="0" id="3" name="C:\Users\User\.m2\repository\org\aspectj\aspectjweaver\1.9.24\aspectjweaver-1.9.24.jar" package="aspectjweaver-1.9.24.jar" skipped="0" tests="1" timestamp="2026-05-27T19:46:11.2235925"><testcase classname="dependency-check" name="aspectjweaver-1.9.24.jar"/></testsuite><testsuite failures="0" errors="0" time="0" id="4" name="C:\Users\User\.m2\repository\org\attoparser\attoparser\2.0.7.RELEASE\attoparser-2.0.7.RELEASE.jar" package="attoparser-2.0.7.RELEASE.jar" skipped="0" tests="1" timestamp="2026-05-27T19:46:11.2235925"><testcase classname="dependency-check" name="attoparser-2.0.7.RELEASE.jar"/></testsuite><testsuite failures="0" errors="0" time="0" id="5" name="C:\Users\User\.m2\repository\net\bytebuddy\byte-buddy\1.17.5\byte-buddy-1.17.5.jar" package="byte-buddy-1.17.5.jar" skipped="0" tests="1" timestamp="2026-05-27T19:46:11.2235925"><testcase classname="dependency-check" name="byte-buddy-1.17.5.jar"/></testsuite><testsuite failures="0" errors="0" time="0" id="6" name="C:\Users\User\.m2\repository\com\fasterxml\classmate\1.7.0\classmate-1.7.0.jar" package="classmate-1.7.0.jar" skipped="0" tests="1" timestamp="2026-05-27T19:46:11.2235925"><testcase classname="dependency-check" name="classmate-1.7.0.jar"/></testsuite><testsuite failures="0" errors="0" time="0" id="7" name="C:\Users\User\.m2\repository\com\h2database\h2\2.3.232\h2-2.3.232.jar" package="h2-2.3.232.jar" skipped="0" tests="1" timestamp="2026-05-27T19:46:11.2235925"><testcase classname="dependency-check" name="h2-2.3.232.jar"/></testsuite><testsuite failures="0" errors="0" time="0" id="8" name="C:\Users\User\.m2\repository\org\hibernate\common\hibernate-commons-annotations\7.0.3.Final\hibernate-commons-annotations-7.0.3.Final.jar" package="hibernate-commons-annotations-7.0.3.Final.jar" skipped="0" tests="1" timestamp="2026-05-27T19:46:11.2235925"><testcase classname="dependency-check" name="hibernate-commons-annotations-7.0.3.Final.jar"/></testsuite><testsuite failures="0" errors="0" time="0" id="9" name="C:\Users\User\.m2\repository\org\hibernate\orm\hibernate-core\6.6.15.Final\hibernate-core-6.6.15.Final.jar" package="hibernate-core-6.6.15.Final.jar" skipped="0" tests="1" timestamp="2026-05-27T19:46:11.2235925"><testcase classname="dependency-check" name="hibernate-core-6.6.15.Final.jar"/></testsuite><testsuite failures="0" errors="0" time="0" id="10" name="C:\Users\User\.m2\repository\com\sun\istack\istack-commons-runtime\4.1.2\istack-commons-runtime-4.1.2.jar" package="istack-commons-runtime-4.1.2.jar" skipped="0" tests="1" timestamp="2026-05-27T19:46:11.2235925"><testcase classname="dependency-check" name="istack-commons-runtime-4.1.2.jar"/></testsuite><testsuite failures="0" errors="0" time="0" id="11" name="C:\Users\User\.m2\repository\com\fasterxml\jackson\core\jackson-core\2.19.0\jackson-core-2.19.0.jar" package="jackson-core-2.19.0.jar" skipped="0" tests="1" timestamp="2026-05-27T19:46:11.2235925"><testcase classname="dependency-check" name="jackson-core-2.19.0.jar"/></testsuite><testsuite failures="0" errors="0" time="0" id="12" name="C:\Users\User\.m2\repository\com\fasterxml\jackson\core\jackson-databind\2.19.0\jackson-databind-2.19.0.jar" package="jackson-databind-2.19.0.jar" skipped="0" tests="1" timestamp="2026-05-27T19:46:11.2235925"><testcase classname="dependency-check" name="jackson-databind-2.19.0.jar"/></testsuite><testsuite failures="0" errors="0" time="0" id="13" name="C:\Users\User\.m2\repository\com\fasterxml\jackson\datatype\jackson-datatype-jdk8\2.19.0\jackson-datatype-jdk8-2.19.0.jar" package="jackson-datatype-jdk8-2.19.0.jar" skipped="0" tests="1" timestamp="2026-05-27T19:46:11.2235925"><testcase classname="dependency-check" name="jackson-datatype-jdk8-2.19.0.jar"/></testsuite><testsuite failures="0" errors="0" time="0" id="14" name="C:\Users\User\.m2\repository\jakarta\activation\jakarta.activation-api\2.1.3\jakarta.activation-api-2.1.3.jar" package="jakarta.activation-api-2.1.3.jar" skipped="0" tests="1" timestamp="2026-05-27T19:46:11.2235925"><testcase classname="dependency-check" name="jakarta.activation-api-2.1.3.jar"/></testsuite><testsuite failures="0" errors="0" time="0" id="15" name="C:\Users\User\.m2\repository\jakarta\annotation\jakarta.annotation-api\2.1.1\jakarta.annotation-api-2.1.1.jar" package="jakarta.annotation-api-2.1.1.jar" skipped="0" tests="1" timestamp="2026-05-27T19:46:11.2235925"><testcase classname="dependency-check" name="jakarta.annotation-api-2.1.1.jar"/></testsuite><testsuite failures="0" errors="0" time="0" id="16" name="C:\Users\User\.m2\repository\jakarta\inject\jakarta.inject-api\2.0.1\jakarta.inject-api-2.0.1.jar" package="jakarta.inject-api-2.0.1.jar" skipped="0" tests="1" timestamp="2026-05-27T19:46:11.2235925"><testcase classname="dependency-check" name="jakarta.inject-api-2.0.1.jar"/></testsuite><testsuite failures="0" errors="0" time="0" id="17" name="C:\Users\User\.m2\repository\jakarta\persistence\jakarta.persistence-api\3.1.0\jakarta.persistence-api-3.1.0.jar" package="jakarta.persistence-api-3.1.0.jar" skipped="0" tests="1" timestamp="2026-05-27T19:46:11.2235925"><testcase classname="dependency-check" name="jakarta.persistence-api-3.1.0.jar"/></testsuite><testsuite failures="0" errors="0" time="0" id="18" name="C:\Users\User\.m2\repository\jakarta\transaction\jakarta.transaction-api\2.0.1\jakarta.transaction-api-2.0.1.jar" package="jakarta.transaction-api-2.0.1.jar" skipped="0" tests="1" timestamp="2026-05-27T19:46:11.2235925"><testcase classname="dependency-check" name="jakarta.transaction-api-2.0.1.jar"/></testsuite><testsuite failures="0" errors="0" time="0" id="19" name="C:\Users\User\.m2\repository\jakarta\validation\jakarta.validation-api\3.0.2\jakarta.validation-api-3.0.2.jar" package="jakarta.validation-api-3.0.2.jar" skipped="0" tests="1" timestamp="2026-05-27T19:46:11.2235925"><testcase classname="dependency-check" name="jakarta.validation-api-3.0.2.jar"/></testsuite><testsuite failures="0" errors="0" time="0" id="20" name="C:\Users\User\.m2\repository\jakarta\xml\bind\jakarta.xml.bind-api\4.0.2\jakarta.xml.bind-api-4.0.2.jar" package="jakarta.xml.bind-api-4.0.2.jar" skipped="0" tests="1" timestamp="2026-05-27T19:46:11.2235925"><testcase classname="dependency-check" name="jakarta.xml.bind-api-4.0.2.jar"/></testsuite><testsuite failures="0" errors="0" time="0" id="21" name="C:\Users\User\.m2\repository\io\smallrye\jandex\3.2.0\jandex-3.2.0.jar" package="jandex-3.2.0.jar" skipped="0" tests="1" timestamp="2026-05-27T19:46:11.2235925"><testcase classname="dependency-check" name="jandex-3.2.0.jar"/></testsuite><testsuite failures="0" errors="0" time="0" id="22" name="C:\Users\User\.m2\repository\org\glassfish\jaxb\jaxb-core\4.0.5\jaxb-core-4.0.5.jar" package="jaxb-core-4.0.5.jar" skipped="0" tests="1" timestamp="2026-05-27T19:46:11.2235925"><testcase classname="dependency-check" name="jaxb-core-4.0.5.jar"/></testsuite><testsuite failures="0" errors="0" time="0" id="23" name="C:\Users\User\.m2\repository\org\glassfish\jaxb\jaxb-runtime\4.0.5\jaxb-runtime-4.0.5.jar" package="jaxb-runtime-4.0.5.jar" skipped="0" tests="1" timestamp="2026-05-27T19:46:11.2235925"><testcase classname="dependency-check" name="jaxb-runtime-4.0.5.jar"/></testsuite><testsuite failures="0" errors="0" time="0" id="24" name="C:\Users\User\.m2\repository\org\jboss\logging\jboss-logging\3.6.1.Final\jboss-logging-3.6.1.Final.jar" package="jboss-logging-3.6.1.Final.jar" skipped="0" tests="1" timestamp="2026-05-27T19:46:11.2235925"><testcase classname="dependency-check" name="jboss-logging-3.6.1.Final.jar"/></testsuite><testsuite failures="0" errors="0" time="0" id="25" name="C:\Users\User\.m2\repository\org\slf4j\jul-to-slf4j\2.0.17\jul-to-slf4j-2.0.17.jar" package="jul-to-slf4j-2.0.17.jar" skipped="0" tests="1" timestamp="2026-05-27T19:46:11.2235925"><testcase classname="dependency-check" name="jul-to-slf4j-2.0.17.jar"/></testsuite><testsuite failures="2" errors="0" time="0" id="26" name="C:\Users\User\.m2\repository\org\apache\logging\log4j\log4j-api\2.24.3\log4j-api-2.24.3.jar" package="log4j-api-2.24.3.jar" skipped="0" tests="2" timestamp="2026-05-27T19:46:11.2235925"><testcase classname="CVE-2026-34479" name="pkg:maven/org.apache.logging.log4j/log4j-api@2.24.3"><failure message="cvssV4: MEDIUM, score: 6.9 (CVSS:4.0/AV:N/AC:L/AT:N/PR:N/UI:N/VC:N/VI:N/VA:N/SC:N/SI:L/SA:N/E:X/CR:X/IR:X/AR:X/MAV:X/MAC:X/MAT:X/MPR:X/MUI:X/MVC:X/MVI:X/MVA:X/MSC:X/MSI:X/MSA:X/S:X/AU:X/R:N/V:X/RE:X/U:X)"/><system-out>The Log4j1XmlLayout from the Apache Log4j 1-to-Log4j 2 bridge fails to escape characters forbidden by the XML 1.0 standard, producing malformed XML output. Conforming XML parsers are required to reject documents containing such characters with a fatal error, which may cause downstream log processing systems to drop or fail to index affected records.

Two groups of users are affected:

  *  Those using Log4j1XmlLayout directly in a Log4j Core 2 configuration file.
  *  Those using the Log4j 1 configuration compatibility layer with org.apache.log4j.xml.XMLLayout specified as the layout class.


Users are advised to upgrade to Apache Log4j 1-to-Log4j 2 bridge version 2.25.4, which corrects this issue.

Note: The Apache Log4j 1-to-Log4j 2 bridge is deprecated and will not be present in Log4j 3. Users are encouraged to consult the  Log4j 1 to Log4j 2 migration guide https://logging.apache.org/log4j/2.x/migrate-from-log4j1.html , and specifically the section on eliminating reliance on the bridge.</system-out><system-err>location: C:\Users\User\.m2\repository\org\apache\logging\log4j\log4j-api\2.24.3\log4j-api-2.24.3.jar, project-references: [ Game Application:compile ]</system-err></testcase><testcase classname="CVE-2026-34477" name="pkg:maven/org.apache.logging.log4j/log4j-api@2.24.3"><failure message="cvssV4: MEDIUM, score: 6.3 (CVSS:4.0/AV:N/AC:H/AT:N/PR:N/UI:N/VC:L/VI:N/VA:N/SC:N/SI:L/SA:N/E:X/CR:X/IR:X/AR:X/MAV:X/MAC:X/MAT:X/MPR:X/MUI:X/MVC:X/MVI:X/MVA:X/MSC:X/MSI:X/MSA:X/S:X/AU:X/R:N/V:X/RE:X/U:X)"/><system-out>The fix for  CVE-2025-68161 https://logging.apache.org/security.html#CVE-2025-68161  was incomplete: it addressed hostname verification only when enabled via the  log4j2.sslVerifyHostName https://logging.apache.org/log4j/2.x/manual/systemproperties.html#log4j2.sslVerifyHostName  system property, but not when configured through the  verifyHostName https://logging.apache.org/log4j/2.x/manual/appenders/network.html#SslConfiguration-attr-verifyHostName  attribute of the &lt;Ssl&gt; element.

Although the verifyHostName configuration attribute was introduced in Log4j Core 2.12.0, it was silently ignored in all versions through 2.25.3, leaving TLS connections vulnerable to interception regardless of the configured value.

A network-based attacker may be able to perform a man-in-the-middle attack when all of the following conditions are met:

  *  An SMTP, Socket, or Syslog appender is in use.
  *  TLS is configured via a nested &lt;Ssl&gt; element.
  *  The attacker can present a certificate issued by a CA trusted by the appender&apos;s configured trust store, or by the default Java trust store if none is configured.
This issue does not affect users of the HTTP appender, which uses a separate  verifyHostname https://logging.apache.org/log4j/2.x/manual/appenders/network.html#HttpAppender-attr-verifyHostName  attribute that was not subject to this bug and verifies host names by default.

Users are advised to upgrade to Apache Log4j Core 2.25.4, which corrects this issue.</system-out><system-err>location: C:\Users\User\.m2\repository\org\apache\logging\log4j\log4j-api\2.24.3\log4j-api-2.24.3.jar, project-references: [ Game Application:compile ]</system-err></testcase></testsuite><testsuite failures="0" errors="0" time="0" id="27" name="C:\Users\User\.m2\repository\org\apache\logging\log4j\log4j-to-slf4j\2.24.3\log4j-to-slf4j-2.24.3.jar" package="log4j-to-slf4j-2.24.3.jar" skipped="0" tests="1" timestamp="2026-05-27T19:46:11.2235925"><testcase classname="dependency-check" name="log4j-to-slf4j-2.24.3.jar"/></testsuite><testsuite failures="0" errors="0" time="0" id="28" name="C:\Users\User\.m2\repository\ch\qos\logback\logback-core\1.5.18\logback-core-1.5.18.jar" package="logback-core-1.5.18.jar" skipped="0" tests="1" timestamp="2026-05-27T19:46:11.2235925"><testcase classname="dependency-check" name="logback-core-1.5.18.jar"/></testsuite><testsuite failures="0" errors="0" time="0" id="29" name="C:\Users\User\.m2\repository\org\projectlombok\lombok\1.18.36\lombok-1.18.36.jar\lombok\launch\mavenEcjBootstrapAgent.jar" package="lombok-1.18.36.jar: mavenEcjBootstrapAgent.jar" skipped="0" tests="1" timestamp="2026-05-27T19:46:11.2235925"><testcase classname="dependency-check" name="lombok-1.18.36.jar: mavenEcjBootstrapAgent.jar"/></testsuite><testsuite failures="0" errors="0" time="0" id="30" name="C:\Users\User\.m2\repository\org\projectlombok\lombok\1.18.36\lombok-1.18.36.jar" package="lombok-1.18.36.jar" skipped="0" tests="1" timestamp="2026-05-27T19:46:11.2235925"><testcase classname="dependency-check" name="lombok-1.18.36.jar"/></testsuite><testsuite failures="0" errors="0" time="0" id="31" name="C:\Users\User\.m2\repository\io\micrometer\micrometer-commons\1.15.0\micrometer-commons-1.15.0.jar" package="micrometer-commons-1.15.0.jar" skipped="0" tests="1" timestamp="2026-05-27T19:46:11.2235925"><testcase classname="dependency-check" name="micrometer-commons-1.15.0.jar"/></testsuite><testsuite failures="0" errors="0" time="0" id="32" name="C:\Users\User\.m2\repository\io\micrometer\micrometer-observation\1.15.0\micrometer-observation-1.15.0.jar" package="micrometer-observation-1.15.0.jar" skipped="0" tests="1" timestamp="2026-05-27T19:46:11.2235925"><testcase classname="dependency-check" name="micrometer-observation-1.15.0.jar"/></testsuite><testsuite failures="0" errors="0" time="0" id="33" name="C:\Users\User\.m2\repository\org\slf4j\slf4j-api\2.0.17\slf4j-api-2.0.17.jar" package="slf4j-api-2.0.17.jar" skipped="0" tests="1" timestamp="2026-05-27T19:46:11.2235925"><testcase classname="dependency-check" name="slf4j-api-2.0.17.jar"/></testsuite><testsuite failures="0" errors="0" time="0" id="34" name="C:\Users\User\.m2\repository\org\yaml\snakeyaml\2.4\snakeyaml-2.4.jar" package="snakeyaml-2.4.jar" skipped="0" tests="1" timestamp="2026-05-27T19:46:11.2235925"><testcase classname="dependency-check" name="snakeyaml-2.4.jar"/></testsuite><testsuite failures="8" errors="0" time="0" id="35" name="C:\Users\User\.m2\repository\org\springframework\boot\spring-boot\3.5.0\spring-boot-3.5.0.jar" package="spring-boot-3.5.0.jar" skipped="0" tests="8" timestamp="2026-05-27T19:46:11.2235925"><testcase classname="CVE-2026-40974" name="pkg:maven/org.springframework.boot/spring-boot@3.5.0"><failure message="cvssV3: CRITICAL, score: 9.8 (CVSS:3.1/AV:N/AC:L/PR:N/UI:N/S:U/C:H/I:H/A:H/E:3.9/RC:R/MAV:A)"/><system-out>Spring Boot&apos;s Cassandra auto-configuration does not perform hostname verification when establishing an SSL connection to Cassandra.

Affected: Spring Boot 4.0.0–4.0.5 (fix 4.0.6), 3.5.0–3.5.13 (fix 3.5.14), 3.4.0–3.4.15 (fix 3.4.16), 3.3.0–3.3.18 (fix 3.3.19), 2.7.0–2.7.32 (fix 2.7.33); Cassandra SSL auto-configuration. Versions that are no longer supported are also affected per vendor advisory.</system-out><system-err>location: C:\Users\User\.m2\repository\org\springframework\boot\spring-boot\3.5.0\spring-boot-3.5.0.jar, project-references: [ Game Application:compile ]</system-err></testcase><testcase classname="CVE-2026-40971" name="pkg:maven/org.springframework.boot/spring-boot@3.5.0"><failure message="cvssV3: CRITICAL, score: 9.1 (CVSS:3.1/AV:N/AC:L/PR:N/UI:N/S:U/C:H/I:H/A:N/E:3.9/RC:R/MAV:A)"/><system-out>When configured to use an SSL bundle, Spring Boot&apos;s RabbitMQ auto-configuration does not perform hostname verification when connecting to the RabbitMQ broker.

Affected: Spring Boot 4.0.0–4.0.5 (fix 4.0.6), 3.5.0–3.5.13 (fix 3.5.14) per vendor advisory.</system-out><system-err>location: C:\Users\User\.m2\repository\org\springframework\boot\spring-boot\3.5.0\spring-boot-3.5.0.jar, project-references: [ Game Application:compile ]</system-err></testcase><testcase classname="CVE-2026-22731" name="pkg:maven/org.springframework.boot/spring-boot@3.5.0"><failure message="cvssV3: HIGH, score: 8.1 (CVSS:3.1/AV:N/AC:H/PR:N/UI:N/S:U/C:H/I:H/A:H/E:2.2/RC:R/MAV:A)"/><system-out>Spring Boot applications with Actuator can be vulnerable to an &quot;Authentication Bypass&quot; vulnerability when an application endpoint that requires authentication is declared under a specific path, already configured for a Health Group additional path.
This issue affects Spring Boot: from 4.0 before 4.0.3, from 3.5 before 3.5.11, from 3.4 before 3.4.15.
This CVE is similar but not equivalent to CVE-2026-22733, as the conditions for exploit and vulnerable versions are different.</system-out><system-err>location: C:\Users\User\.m2\repository\org\springframework\boot\spring-boot\3.5.0\spring-boot-3.5.0.jar, project-references: [ Game Application:compile ]</system-err></testcase><testcase classname="CVE-2026-22733" name="pkg:maven/org.springframework.boot/spring-boot@3.5.0"><failure message="cvssV3: HIGH, score: 8.1 (CVSS:3.1/AV:N/AC:H/PR:N/UI:N/S:U/C:H/I:H/A:H/E:2.2/RC:R/MAV:A)"/><system-out>Spring Boot applications with Actuator can be vulnerable to an &quot;Authentication Bypass&quot; vulnerability when an application endpoint that requires authentication is declared under the path used by the CloudFoundry Actuator endpoints. This issue affects Spring Security: from 4.0.0 through 4.0.3, from 3.5.0 through 3.5.11, from 3.4.0 through 3.4.14, from 3.3.0 through 3.3.17, from 2.7.0 through 2.7.31.</system-out><system-err>location: C:\Users\User\.m2\repository\org\springframework\boot\spring-boot\3.5.0\spring-boot-3.5.0.jar, project-references: [ Game Application:compile ]</system-err></testcase><testcase classname="CVE-2026-40972" name="pkg:maven/org.springframework.boot/spring-boot@3.5.0"><failure message="cvssV3: HIGH, score: 7.5 (CVSS:3.1/AV:A/AC:H/PR:N/UI:N/S:U/C:H/I:H/A:H/E:1.6/RC:R/MAV:A)"/><system-out>An attacker on the same network as the remote application may be able to utilize a timing attack to discover information about the remote secret. In extreme circumstances this could result in the attacker determining the secret and uploading changed classes, thereby achieving remote code execution in the remote application.

Affected: Spring Boot 4.0.0–4.0.5 (fix 4.0.6), 3.5.0–3.5.13 (fix 3.5.14), 3.4.0–3.4.15 (fix 3.4.16), 3.3.0–3.3.18 (fix 3.3.19), 2.7.0–2.7.32 (fix 2.7.33); DevTools remote secret comparison. Versions that are no longer supported are also affected per vendor advisory.</system-out><system-err>location: C:\Users\User\.m2\repository\org\springframework\boot\spring-boot\3.5.0\spring-boot-3.5.0.jar, project-references: [ Game Application:compile ]</system-err></testcase><testcase classname="CVE-2026-40975" name="pkg:maven/org.springframework.boot/spring-boot@3.5.0"><failure message="cvssV3: HIGH, score: 7.5 (CVSS:3.1/AV:N/AC:L/PR:N/UI:N/S:U/C:H/I:N/A:N/E:3.9/RC:R/MAV:A)"/><system-out>Values produced by ${random.value} are not suitable for use as secrets. ${random.uuid} is not affected. ${random.int} and ${random.long} should never be used for secrets as they are numeric values with a predictable range.

Affected: Spring Boot 4.0.0–4.0.5 (fix 4.0.6), 3.5.0–3.5.13 (fix 3.5.14), 3.4.0–3.4.15 (fix 3.4.16), 3.3.0–3.3.18 (fix 3.3.19), 2.7.0–2.7.32 (fix 2.7.33); random value property source / weak PRNG for secrets. Versions that are no longer supported are also affected per vendor advisory.</system-out><system-err>location: C:\Users\User\.m2\repository\org\springframework\boot\spring-boot\3.5.0\spring-boot-3.5.0.jar, project-references: [ Game Application:compile ]</system-err></testcase><testcase classname="CVE-2026-40973" name="pkg:maven/org.springframework.boot/spring-boot@3.5.0"><failure message="cvssV3: HIGH, score: 7.0 (CVSS:3.1/AV:L/AC:H/PR:L/UI:N/S:U/C:H/I:H/A:H/E:1.0/RC:R/MAV:A)"/><system-out>A local attacker on the same host as the application may be able to take control of the directory used by `ApplicationTemp`. When `server.servlet.session.persistent` is set to `true` and the attack persists across application restarts, this may allow the attacker to read session information and hijack authenticated users or deploy a gadget chain and execute code as the application&apos;s user.

Affected: Spring Boot 4.0.0–4.0.5 (fix 4.0.6), 3.5.0–3.5.13 (fix 3.5.14), 3.4.0–3.4.15 (fix 3.4.16), 3.3.0–3.3.18 (fix 3.3.19), 2.7.0–2.7.32 (fix 2.7.33); predictable temp directory / `ApplicationTemp` ownership verification. Versions that are no longer supported are also affected per vendor advisory.</system-out><system-err>location: C:\Users\User\.m2\repository\org\springframework\boot\spring-boot\3.5.0\spring-boot-3.5.0.jar, project-references: [ Game Application:compile ]</system-err></testcase><testcase classname="CVE-2026-40977" name="pkg:maven/org.springframework.boot/spring-boot@3.5.0"><failure message="cvssV3: MEDIUM, score: 6.7 (CVSS:3.1/AV:L/AC:L/PR:H/UI:N/S:U/C:H/I:H/A:H/E:0.8/RC:R/MAV:A)"/><system-out>When an application is configured to use `ApplicationPidFileWriter`, a local attacker with write access to the PID file&apos;s location can corrupt one file on the host each time the application is started.

Affected: Spring Boot 4.0.0–4.0.5 (fix 4.0.6), 3.5.0–3.5.13 (fix 3.5.14), 3.4.0–3.4.15 (fix 3.4.16), 3.3.0–3.3.18 (fix 3.3.19), 2.7.0–2.7.32 (fix 2.7.33); PID file / symlink behavior (`ApplicationPidFileWriter`). Versions that are no longer supported are also affected per vendor advisory.</system-out><system-err>location: C:\Users\User\.m2\repository\org\springframework\boot\spring-boot\3.5.0\spring-boot-3.5.0.jar, project-references: [ Game Application:compile ]</system-err></testcase></testsuite><testsuite failures="8" errors="0" time="0" id="36" name="C:\Users\User\.m2\repository\org\springframework\boot\spring-boot-starter-thymeleaf\3.5.0\spring-boot-starter-thymeleaf-3.5.0.jar" package="spring-boot-starter-thymeleaf-3.5.0.jar" skipped="0" tests="8" timestamp="2026-05-27T19:46:11.2235925"><testcase classname="CVE-2026-40974" name="pkg:maven/org.springframework.boot/spring-boot-starter-thymeleaf@3.5.0"><failure message="cvssV3: CRITICAL, score: 9.8 (CVSS:3.1/AV:N/AC:L/PR:N/UI:N/S:U/C:H/I:H/A:H/E:3.9/RC:R/MAV:A)"/><system-out>Spring Boot&apos;s Cassandra auto-configuration does not perform hostname verification when establishing an SSL connection to Cassandra.

Affected: Spring Boot 4.0.0–4.0.5 (fix 4.0.6), 3.5.0–3.5.13 (fix 3.5.14), 3.4.0–3.4.15 (fix 3.4.16), 3.3.0–3.3.18 (fix 3.3.19), 2.7.0–2.7.32 (fix 2.7.33); Cassandra SSL auto-configuration. Versions that are no longer supported are also affected per vendor advisory.</system-out><system-err>location: C:\Users\User\.m2\repository\org\springframework\boot\spring-boot-starter-thymeleaf\3.5.0\spring-boot-starter-thymeleaf-3.5.0.jar, project-references: [ Game Application:compile ]</system-err></testcase><testcase classname="CVE-2026-40971" name="pkg:maven/org.springframework.boot/spring-boot-starter-thymeleaf@3.5.0"><failure message="cvssV3: CRITICAL, score: 9.1 (CVSS:3.1/AV:N/AC:L/PR:N/UI:N/S:U/C:H/I:H/A:N/E:3.9/RC:R/MAV:A)"/><system-out>When configured to use an SSL bundle, Spring Boot&apos;s RabbitMQ auto-configuration does not perform hostname verification when connecting to the RabbitMQ broker.

Affected: Spring Boot 4.0.0–4.0.5 (fix 4.0.6), 3.5.0–3.5.13 (fix 3.5.14) per vendor advisory.</system-out><system-err>location: C:\Users\User\.m2\repository\org\springframework\boot\spring-boot-starter-thymeleaf\3.5.0\spring-boot-starter-thymeleaf-3.5.0.jar, project-references: [ Game Application:compile ]</system-err></testcase><testcase classname="CVE-2026-22731" name="pkg:maven/org.springframework.boot/spring-boot-starter-thymeleaf@3.5.0"><failure message="cvssV3: HIGH, score: 8.1 (CVSS:3.1/AV:N/AC:H/PR:N/UI:N/S:U/C:H/I:H/A:H/E:2.2/RC:R/MAV:A)"/><system-out>Spring Boot applications with Actuator can be vulnerable to an &quot;Authentication Bypass&quot; vulnerability when an application endpoint that requires authentication is declared under a specific path, already configured for a Health Group additional path.
This issue affects Spring Boot: from 4.0 before 4.0.3, from 3.5 before 3.5.11, from 3.4 before 3.4.15.
This CVE is similar but not equivalent to CVE-2026-22733, as the conditions for exploit and vulnerable versions are different.</system-out><system-err>location: C:\Users\User\.m2\repository\org\springframework\boot\spring-boot-starter-thymeleaf\3.5.0\spring-boot-starter-thymeleaf-3.5.0.jar, project-references: [ Game Application:compile ]</system-err></testcase><testcase classname="CVE-2026-22733" name="pkg:maven/org.springframework.boot/spring-boot-starter-thymeleaf@3.5.0"><failure message="cvssV3: HIGH, score: 8.1 (CVSS:3.1/AV:N/AC:H/PR:N/UI:N/S:U/C:H/I:H/A:H/E:2.2/RC:R/MAV:A)"/><system-out>Spring Boot applications with Actuator can be vulnerable to an &quot;Authentication Bypass&quot; vulnerability when an application endpoint that requires authentication is declared under the path used by the CloudFoundry Actuator endpoints. This issue affects Spring Security: from 4.0.0 through 4.0.3, from 3.5.0 through 3.5.11, from 3.4.0 through 3.4.14, from 3.3.0 through 3.3.17, from 2.7.0 through 2.7.31.</system-out><system-err>location: C:\Users\User\.m2\repository\org\springframework\boot\spring-boot-starter-thymeleaf\3.5.0\spring-boot-starter-thymeleaf-3.5.0.jar, project-references: [ Game Application:compile ]</system-err></testcase><testcase classname="CVE-2026-40972" name="pkg:maven/org.springframework.boot/spring-boot-starter-thymeleaf@3.5.0"><failure message="cvssV3: HIGH, score: 7.5 (CVSS:3.1/AV:A/AC:H/PR:N/UI:N/S:U/C:H/I:H/A:H/E:1.6/RC:R/MAV:A)"/><system-out>An attacker on the same network as the remote application may be able to utilize a timing attack to discover information about the remote secret. In extreme circumstances this could result in the attacker determining the secret and uploading changed classes, thereby achieving remote code execution in the remote application.

Affected: Spring Boot 4.0.0–4.0.5 (fix 4.0.6), 3.5.0–3.5.13 (fix 3.5.14), 3.4.0–3.4.15 (fix 3.4.16), 3.3.0–3.3.18 (fix 3.3.19), 2.7.0–2.7.32 (fix 2.7.33); DevTools remote secret comparison. Versions that are no longer supported are also affected per vendor advisory.</system-out><system-err>location: C:\Users\User\.m2\repository\org\springframework\boot\spring-boot-starter-thymeleaf\3.5.0\spring-boot-starter-thymeleaf-3.5.0.jar, project-references: [ Game Application:compile ]</system-err></testcase><testcase classname="CVE-2026-40975" name="pkg:maven/org.springframework.boot/spring-boot-starter-thymeleaf@3.5.0"><failure message="cvssV3: HIGH, score: 7.5 (CVSS:3.1/AV:N/AC:L/PR:N/UI:N/S:U/C:H/I:N/A:N/E:3.9/RC:R/MAV:A)"/><system-out>Values produced by ${random.value} are not suitable for use as secrets. ${random.uuid} is not affected. ${random.int} and ${random.long} should never be used for secrets as they are numeric values with a predictable range.

Affected: Spring Boot 4.0.0–4.0.5 (fix 4.0.6), 3.5.0–3.5.13 (fix 3.5.14), 3.4.0–3.4.15 (fix 3.4.16), 3.3.0–3.3.18 (fix 3.3.19), 2.7.0–2.7.32 (fix 2.7.33); random value property source / weak PRNG for secrets. Versions that are no longer supported are also affected per vendor advisory.</system-out><system-err>location: C:\Users\User\.m2\repository\org\springframework\boot\spring-boot-starter-thymeleaf\3.5.0\spring-boot-starter-thymeleaf-3.5.0.jar, project-references: [ Game Application:compile ]</system-err></testcase><testcase classname="CVE-2026-40973" name="pkg:maven/org.springframework.boot/spring-boot-starter-thymeleaf@3.5.0"><failure message="cvssV3: HIGH, score: 7.0 (CVSS:3.1/AV:L/AC:H/PR:L/UI:N/S:U/C:H/I:H/A:H/E:1.0/RC:R/MAV:A)"/><system-out>A local attacker on the same host as the application may be able to take control of the directory used by `ApplicationTemp`. When `server.servlet.session.persistent` is set to `true` and the attack persists across application restarts, this may allow the attacker to read session information and hijack authenticated users or deploy a gadget chain and execute code as the application&apos;s user.

Affected: Spring Boot 4.0.0–4.0.5 (fix 4.0.6), 3.5.0–3.5.13 (fix 3.5.14), 3.4.0–3.4.15 (fix 3.4.16), 3.3.0–3.3.18 (fix 3.3.19), 2.7.0–2.7.32 (fix 2.7.33); predictable temp directory / `ApplicationTemp` ownership verification. Versions that are no longer supported are also affected per vendor advisory.</system-out><system-err>location: C:\Users\User\.m2\repository\org\springframework\boot\spring-boot-starter-thymeleaf\3.5.0\spring-boot-starter-thymeleaf-3.5.0.jar, project-references: [ Game Application:compile ]</system-err></testcase><testcase classname="CVE-2026-40977" name="pkg:maven/org.springframework.boot/spring-boot-starter-thymeleaf@3.5.0"><failure message="cvssV3: MEDIUM, score: 6.7 (CVSS:3.1/AV:L/AC:L/PR:H/UI:N/S:U/C:H/I:H/A:H/E:0.8/RC:R/MAV:A)"/><system-out>When an application is configured to use `ApplicationPidFileWriter`, a local attacker with write access to the PID file&apos;s location can corrupt one file on the host each time the application is started.

Affected: Spring Boot 4.0.0–4.0.5 (fix 4.0.6), 3.5.0–3.5.13 (fix 3.5.14), 3.4.0–3.4.15 (fix 3.4.16), 3.3.0–3.3.18 (fix 3.3.19), 2.7.0–2.7.32 (fix 2.7.33); PID file / symlink behavior (`ApplicationPidFileWriter`). Versions that are no longer supported are also affected per vendor advisory.</system-out><system-err>location: C:\Users\User\.m2\repository\org\springframework\boot\spring-boot-starter-thymeleaf\3.5.0\spring-boot-starter-thymeleaf-3.5.0.jar, project-references: [ Game Application:compile ]</system-err></testcase></testsuite><testsuite failures="8" errors="0" time="0" id="37" name="C:\Users\User\.m2\repository\org\springframework\boot\spring-boot-starter-web\3.5.0\spring-boot-starter-web-3.5.0.jar" package="spring-boot-starter-web-3.5.0.jar" skipped="0" tests="8" timestamp="2026-05-27T19:46:11.2235925"><testcase classname="CVE-2026-40974" name="pkg:maven/org.springframework.boot/spring-boot-starter-web@3.5.0"><failure message="cvssV3: CRITICAL, score: 9.8 (CVSS:3.1/AV:N/AC:L/PR:N/UI:N/S:U/C:H/I:H/A:H/E:3.9/RC:R/MAV:A)"/><system-out>Spring Boot&apos;s Cassandra auto-configuration does not perform hostname verification when establishing an SSL connection to Cassandra.

Affected: Spring Boot 4.0.0–4.0.5 (fix 4.0.6), 3.5.0–3.5.13 (fix 3.5.14), 3.4.0–3.4.15 (fix 3.4.16), 3.3.0–3.3.18 (fix 3.3.19), 2.7.0–2.7.32 (fix 2.7.33); Cassandra SSL auto-configuration. Versions that are no longer supported are also affected per vendor advisory.</system-out><system-err>location: C:\Users\User\.m2\repository\org\springframework\boot\spring-boot-starter-web\3.5.0\spring-boot-starter-web-3.5.0.jar, project-references: [ Game Application:compile ]</system-err></testcase><testcase classname="CVE-2026-40971" name="pkg:maven/org.springframework.boot/spring-boot-starter-web@3.5.0"><failure message="cvssV3: CRITICAL, score: 9.1 (CVSS:3.1/AV:N/AC:L/PR:N/UI:N/S:U/C:H/I:H/A:N/E:3.9/RC:R/MAV:A)"/><system-out>When configured to use an SSL bundle, Spring Boot&apos;s RabbitMQ auto-configuration does not perform hostname verification when connecting to the RabbitMQ broker.

Affected: Spring Boot 4.0.0–4.0.5 (fix 4.0.6), 3.5.0–3.5.13 (fix 3.5.14) per vendor advisory.</system-out><system-err>location: C:\Users\User\.m2\repository\org\springframework\boot\spring-boot-starter-web\3.5.0\spring-boot-starter-web-3.5.0.jar, project-references: [ Game Application:compile ]</system-err></testcase><testcase classname="CVE-2026-22731" name="pkg:maven/org.springframework.boot/spring-boot-starter-web@3.5.0"><failure message="cvssV3: HIGH, score: 8.1 (CVSS:3.1/AV:N/AC:H/PR:N/UI:N/S:U/C:H/I:H/A:H/E:2.2/RC:R/MAV:A)"/><system-out>Spring Boot applications with Actuator can be vulnerable to an &quot;Authentication Bypass&quot; vulnerability when an application endpoint that requires authentication is declared under a specific path, already configured for a Health Group additional path.
This issue affects Spring Boot: from 4.0 before 4.0.3, from 3.5 before 3.5.11, from 3.4 before 3.4.15.
This CVE is similar but not equivalent to CVE-2026-22733, as the conditions for exploit and vulnerable versions are different.</system-out><system-err>location: C:\Users\User\.m2\repository\org\springframework\boot\spring-boot-starter-web\3.5.0\spring-boot-starter-web-3.5.0.jar, project-references: [ Game Application:compile ]</system-err></testcase><testcase classname="CVE-2026-22733" name="pkg:maven/org.springframework.boot/spring-boot-starter-web@3.5.0"><failure message="cvssV3: HIGH, score: 8.1 (CVSS:3.1/AV:N/AC:H/PR:N/UI:N/S:U/C:H/I:H/A:H/E:2.2/RC:R/MAV:A)"/><system-out>Spring Boot applications with Actuator can be vulnerable to an &quot;Authentication Bypass&quot; vulnerability when an application endpoint that requires authentication is declared under the path used by the CloudFoundry Actuator endpoints. This issue affects Spring Security: from 4.0.0 through 4.0.3, from 3.5.0 through 3.5.11, from 3.4.0 through 3.4.14, from 3.3.0 through 3.3.17, from 2.7.0 through 2.7.31.</system-out><system-err>location: C:\Users\User\.m2\repository\org\springframework\boot\spring-boot-starter-web\3.5.0\spring-boot-starter-web-3.5.0.jar, project-references: [ Game Application:compile ]</system-err></testcase><testcase classname="CVE-2026-40972" name="pkg:maven/org.springframework.boot/spring-boot-starter-web@3.5.0"><failure message="cvssV3: HIGH, score: 7.5 (CVSS:3.1/AV:A/AC:H/PR:N/UI:N/S:U/C:H/I:H/A:H/E:1.6/RC:R/MAV:A)"/><system-out>An attacker on the same network as the remote application may be able to utilize a timing attack to discover information about the remote secret. In extreme circumstances this could result in the attacker determining the secret and uploading changed classes, thereby achieving remote code execution in the remote application.

Affected: Spring Boot 4.0.0–4.0.5 (fix 4.0.6), 3.5.0–3.5.13 (fix 3.5.14), 3.4.0–3.4.15 (fix 3.4.16), 3.3.0–3.3.18 (fix 3.3.19), 2.7.0–2.7.32 (fix 2.7.33); DevTools remote secret comparison. Versions that are no longer supported are also affected per vendor advisory.</system-out><system-err>location: C:\Users\User\.m2\repository\org\springframework\boot\spring-boot-starter-web\3.5.0\spring-boot-starter-web-3.5.0.jar, project-references: [ Game Application:compile ]</system-err></testcase><testcase classname="CVE-2026-40975" name="pkg:maven/org.springframework.boot/spring-boot-starter-web@3.5.0"><failure message="cvssV3: HIGH, score: 7.5 (CVSS:3.1/AV:N/AC:L/PR:N/UI:N/S:U/C:H/I:N/A:N/E:3.9/RC:R/MAV:A)"/><system-out>Values produced by ${random.value} are not suitable for use as secrets. ${random.uuid} is not affected. ${random.int} and ${random.long} should never be used for secrets as they are numeric values with a predictable range.

Affected: Spring Boot 4.0.0–4.0.5 (fix 4.0.6), 3.5.0–3.5.13 (fix 3.5.14), 3.4.0–3.4.15 (fix 3.4.16), 3.3.0–3.3.18 (fix 3.3.19), 2.7.0–2.7.32 (fix 2.7.33); random value property source / weak PRNG for secrets. Versions that are no longer supported are also affected per vendor advisory.</system-out><system-err>location: C:\Users\User\.m2\repository\org\springframework\boot\spring-boot-starter-web\3.5.0\spring-boot-starter-web-3.5.0.jar, project-references: [ Game Application:compile ]</system-err></testcase><testcase classname="CVE-2026-40973" name="pkg:maven/org.springframework.boot/spring-boot-starter-web@3.5.0"><failure message="cvssV3: HIGH, score: 7.0 (CVSS:3.1/AV:L/AC:H/PR:L/UI:N/S:U/C:H/I:H/A:H/E:1.0/RC:R/MAV:A)"/><system-out>A local attacker on the same host as the application may be able to take control of the directory used by `ApplicationTemp`. When `server.servlet.session.persistent` is set to `true` and the attack persists across application restarts, this may allow the attacker to read session information and hijack authenticated users or deploy a gadget chain and execute code as the application&apos;s user.

Affected: Spring Boot 4.0.0–4.0.5 (fix 4.0.6), 3.5.0–3.5.13 (fix 3.5.14), 3.4.0–3.4.15 (fix 3.4.16), 3.3.0–3.3.18 (fix 3.3.19), 2.7.0–2.7.32 (fix 2.7.33); predictable temp directory / `ApplicationTemp` ownership verification. Versions that are no longer supported are also affected per vendor advisory.</system-out><system-err>location: C:\Users\User\.m2\repository\org\springframework\boot\spring-boot-starter-web\3.5.0\spring-boot-starter-web-3.5.0.jar, project-references: [ Game Application:compile ]</system-err></testcase><testcase classname="CVE-2026-40977" name="pkg:maven/org.springframework.boot/spring-boot-starter-web@3.5.0"><failure message="cvssV3: MEDIUM, score: 6.7 (CVSS:3.1/AV:L/AC:L/PR:H/UI:N/S:U/C:H/I:H/A:H/E:0.8/RC:R/MAV:A)"/><system-out>When an application is configured to use `ApplicationPidFileWriter`, a local attacker with write access to the PID file&apos;s location can corrupt one file on the host each time the application is started.

Affected: Spring Boot 4.0.0–4.0.5 (fix 4.0.6), 3.5.0–3.5.13 (fix 3.5.14), 3.4.0–3.4.15 (fix 3.4.16), 3.3.0–3.3.18 (fix 3.3.19), 2.7.0–2.7.32 (fix 2.7.33); PID file / symlink behavior (`ApplicationPidFileWriter`). Versions that are no longer supported are also affected per vendor advisory.</system-out><system-err>location: C:\Users\User\.m2\repository\org\springframework\boot\spring-boot-starter-web\3.5.0\spring-boot-starter-web-3.5.0.jar, project-references: [ Game Application:compile ]</system-err></testcase></testsuite><testsuite failures="5" errors="0" time="0" id="38" name="C:\Users\User\.m2\repository\org\springframework\spring-core\6.2.7\spring-core-6.2.7.jar" package="spring-core-6.2.7.jar" skipped="0" tests="5" timestamp="2026-05-27T19:46:11.2235925"><testcase classname="CVE-2026-22740" name="pkg:maven/org.springframework/spring-core@6.2.7"><failure message="cvssV3: MEDIUM, score: 6.5 (CVSS:3.1/AV:N/AC:L/PR:L/UI:N/S:U/C:N/I:N/A:H/E:2.8/RC:R/MAV:A)"/><system-out>A WebFlux server application that processes multipart requests creates temp files for parts larger than 10 K. Under some circumstances, temp files may remain not deleted after the request is fully processed. This allows an attacker to consume available disk space.

Older, unsupported versions are also affected.</system-out><system-err>location: C:\Users\User\.m2\repository\org\springframework\spring-core\6.2.7\spring-core-6.2.7.jar, project-references: [ Game Application:compile ]</system-err></testcase><testcase classname="CVE-2026-22737" name="pkg:maven/org.springframework/spring-core@6.2.7"><failure message="cvssV3: MEDIUM, score: 5.9 (CVSS:3.1/AV:N/AC:H/PR:N/UI:N/S:U/C:H/I:N/A:N/E:2.2/RC:R/MAV:A)"/><system-out>Use of Java scripting engine enabled (e.g. JRuby, Jython) template views in Spring MVC and Spring WebFlux applications can result in disclosure of content from files outside the configured locations for script template views. This issue affects Spring Framework: from 7.0.0 through 7.0.5, from 6.2.0 through 6.2.16, from 6.1.0 through 6.1.25, from 5.3.0 through 5.3.46.</system-out><system-err>location: C:\Users\User\.m2\repository\org\springframework\spring-core\6.2.7\spring-core-6.2.7.jar, project-references: [ Game Application:compile ]</system-err></testcase><testcase classname="CVE-2026-22745" name="pkg:maven/org.springframework/spring-core@6.2.7"><failure message="cvssV3: MEDIUM, score: 5.3 (CVSS:3.1/AV:N/AC:L/PR:N/UI:N/S:U/C:N/I:N/A:L/E:3.9/RC:R/MAV:A)"/><system-out>Spring MVC and WebFlux applications are vulnerable to Denial of Service attacks when resolving static resources.


More precisely, an application can be vulnerable when all the following are true:

  *  the application is using Spring MVC or Spring WebFlux
  *  the application is serving static resources from the file system
  *  the application is running on a Windows platform


When all the conditions above are met, the attacker can send malicious requests that are slow to resolve and that can keep HTTP connections in use. This can cause a Denial of Service on the application.</system-out><system-err>location: C:\Users\User\.m2\repository\org\springframework\spring-core\6.2.7\spring-core-6.2.7.jar, project-references: [ Game Application:compile ]</system-err></testcase><testcase classname="CVE-2026-22741" name="pkg:maven/org.springframework/spring-core@6.2.7"><failure message="cvssV3: LOW, score: 3.1 (CVSS:3.1/AV:N/AC:H/PR:N/UI:R/S:U/C:N/I:N/A:L/E:1.6/RC:R/MAV:A)"/><system-out>Spring MVC and WebFlux applications are vulnerable to cache poisoning when resolving static resources.


More precisely, an application can be vulnerable when all the following are true:

  *  the application is using Spring MVC or Spring WebFlux
  *  the application is configuring the  resource chain support https://docs.spring.io/spring-framework/reference/web/webmvc/mvc-config/static-resources.html#page-title  with caching enabled
  *  the application adds support for encoded resources resolution
  *  the resource cache must be empty when the attacker has access to the application


When all the conditions above are met, the attacker can send malicious requests and poison the resource cache with resources using the wrong encoding. This can cause a denial of service by breaking the front-end application for clients.</system-out><system-err>location: C:\Users\User\.m2\repository\org\springframework\spring-core\6.2.7\spring-core-6.2.7.jar, project-references: [ Game Application:compile ]</system-err></testcase><testcase classname="CVE-2026-22735" name="pkg:maven/org.springframework/spring-core@6.2.7"><failure message="cvssV3: LOW, score: 2.6 (CVSS:3.1/AV:N/AC:H/PR:L/UI:R/S:U/C:N/I:L/A:N/E:1.2/RC:R/MAV:A)"/><system-out>Spring MVC and WebFlux applications are vulnerable to stream corruption when using Server-Sent Events (SSE). This issue affects Spring Foundation: from 7.0.0 through 7.0.5, from 6.2.0 through 6.2.16, from 6.1.0 through 6.1.25, from 5.3.0 through 5.3.46.</system-out><system-err>location: C:\Users\User\.m2\repository\org\springframework\spring-core\6.2.7\spring-core-6.2.7.jar, project-references: [ Game Application:compile ]</system-err></testcase></testsuite><testsuite failures="0" errors="0" time="0" id="39" name="C:\Users\User\.m2\repository\org\springframework\data\spring-data-commons\3.5.0\spring-data-commons-3.5.0.jar" package="spring-data-commons-3.5.0.jar" skipped="0" tests="1" timestamp="2026-05-27T19:46:11.2235925"><testcase classname="dependency-check" name="spring-data-commons-3.5.0.jar"/></testsuite><testsuite failures="0" errors="0" time="0" id="40" name="C:\Users\User\.m2\repository\org\springframework\data\spring-data-jpa\3.5.0\spring-data-jpa-3.5.0.jar" package="spring-data-jpa-3.5.0.jar" skipped="0" tests="1" timestamp="2026-05-27T19:46:11.2235925"><testcase classname="dependency-check" name="spring-data-jpa-3.5.0.jar"/></testsuite><testsuite failures="4" errors="0" time="0" id="41" name="C:\Users\User\.m2\repository\org\springframework\security\spring-security-core\6.5.0\spring-security-core-6.5.0.jar" package="spring-security-core-6.5.0.jar" skipped="0" tests="4" timestamp="2026-05-27T19:46:11.2235925"><testcase classname="CVE-2026-22732" name="pkg:maven/org.springframework.security/spring-security-core@6.5.0"><failure message="cvssV3: CRITICAL, score: 9.1 (CVSS:3.1/AV:N/AC:L/PR:N/UI:N/S:U/C:H/I:H/A:N/E:3.9/RC:R/MAV:A)"/><system-out>When applications specify HTTP response headers for servlet applications using Spring Security, there is the possibility that the HTTP Headers will not be written. 
This issue affects Spring Security Servlet applications using lazy (default) writing of HTTP Headers:

: from 5.7.0 through 5.7.21, from 5.8.0 through 5.8.23, from 6.3.0 through 6.3.14, from 6.4.0 through 6.4.14, from 6.5.0 through 6.5.8, from 7.0.0 through 7.0.3.</system-out><system-err>location: C:\Users\User\.m2\repository\org\springframework\security\spring-security-core\6.5.0\spring-security-core-6.5.0.jar, project-references: [ Game Application:compile ]</system-err></testcase><testcase classname="CVE-2026-22748" name="pkg:maven/org.springframework.security/spring-security-core@6.5.0"><failure message="cvssV3: MEDIUM, score: 6.5 (CVSS:3.1/AV:N/AC:L/PR:L/UI:N/S:U/C:N/I:H/A:N/E:2.8/RC:R/MAV:A)"/><system-out>Vulnerability in Spring Spring Security. When an application configures JWT decoding with NimbusJwtDecoder  or NimbusReactiveJwtDecoder, it must configure an OAuth2TokenValidator&lt;Jwt&gt; separately, for example by calling setJwtValidator.This issue affects Spring Security: from 6.3.0 through 6.3.14, from 6.4.0 through 6.4.14, from 6.5.0 through 6.5.9, from 7.0.0 through 7.0.4.</system-out><system-err>location: C:\Users\User\.m2\repository\org\springframework\security\spring-security-core\6.5.0\spring-security-core-6.5.0.jar, project-references: [ Game Application:compile ]</system-err></testcase><testcase classname="CVE-2026-22751" name="pkg:maven/org.springframework.security/spring-security-core@6.5.0"><failure message="cvssV3: MEDIUM, score: 4.8 (CVSS:3.1/AV:N/AC:H/PR:N/UI:N/S:U/C:L/I:L/A:N/E:2.2/RC:R/MAV:A)"/><system-out>Vulnerability in Spring Spring Security. Applications that explicitly configure One-Time Token login with JdbcOneTimeTokenService are vulnerable to a Time-of-check Time-of-use (TOCTOU) race condition. This issue affects Spring Security: from 6.4.0 through 6.4.15, from 6.5.0 through 6.5.9, from 7.0.0 through 7.0.4.</system-out><system-err>location: C:\Users\User\.m2\repository\org\springframework\security\spring-security-core\6.5.0\spring-security-core-6.5.0.jar, project-references: [ Game Application:compile ]</system-err></testcase><testcase classname="CVE-2026-22746" name="pkg:maven/org.springframework.security/spring-security-core@6.5.0"><failure message="cvssV3: LOW, score: 3.7 (CVSS:3.1/AV:N/AC:H/PR:N/UI:N/S:U/C:L/I:N/A:N/E:2.2/RC:R/MAV:A)"/><system-out>Vulnerability in Spring Spring Security. If an application is using the UserDetails#isEnabled, #isAccountNonExpired, or #isAccountNonLocked user attributes, to enable, expire, or lock users, then DaoAuthenticationProvider&apos;s timing attack defense can be bypassed for users who are disabled, expired, or locked.This issue affects Spring Security: from 5.7.0 through 5.7.22, from 5.8.0 through 5.8.24, from 6.3.0 through 6.3.15, from 6.5.0 through 6.5.9, from 7.0.0 through 7.0.4.</system-out><system-err>location: C:\Users\User\.m2\repository\org\springframework\security\spring-security-core\6.5.0\spring-security-core-6.5.0.jar, project-references: [ Game Application:compile ]</system-err></testcase></testsuite><testsuite failures="4" errors="0" time="0" id="42" name="C:\Users\User\.m2\repository\org\springframework\security\spring-security-web\6.5.0\spring-security-web-6.5.0.jar" package="spring-security-web-6.5.0.jar" skipped="0" tests="4" timestamp="2026-05-27T19:46:11.2235925"><testcase classname="CVE-2026-22732" name="pkg:maven/org.springframework.security/spring-security-web@6.5.0"><failure message="cvssV3: CRITICAL, score: 9.1 (CVSS:3.1/AV:N/AC:L/PR:N/UI:N/S:U/C:H/I:H/A:N/E:3.9/RC:R/MAV:A)"/><system-out>When applications specify HTTP response headers for servlet applications using Spring Security, there is the possibility that the HTTP Headers will not be written. 
This issue affects Spring Security Servlet applications using lazy (default) writing of HTTP Headers:

: from 5.7.0 through 5.7.21, from 5.8.0 through 5.8.23, from 6.3.0 through 6.3.14, from 6.4.0 through 6.4.14, from 6.5.0 through 6.5.8, from 7.0.0 through 7.0.3.</system-out><system-err>location: C:\Users\User\.m2\repository\org\springframework\security\spring-security-web\6.5.0\spring-security-web-6.5.0.jar, project-references: [ Game Application:compile ]</system-err></testcase><testcase classname="CVE-2026-22748" name="pkg:maven/org.springframework.security/spring-security-web@6.5.0"><failure message="cvssV3: MEDIUM, score: 6.5 (CVSS:3.1/AV:N/AC:L/PR:L/UI:N/S:U/C:N/I:H/A:N/E:2.8/RC:R/MAV:A)"/><system-out>Vulnerability in Spring Spring Security. When an application configures JWT decoding with NimbusJwtDecoder  or NimbusReactiveJwtDecoder, it must configure an OAuth2TokenValidator&lt;Jwt&gt; separately, for example by calling setJwtValidator.This issue affects Spring Security: from 6.3.0 through 6.3.14, from 6.4.0 through 6.4.14, from 6.5.0 through 6.5.9, from 7.0.0 through 7.0.4.</system-out><system-err>location: C:\Users\User\.m2\repository\org\springframework\security\spring-security-web\6.5.0\spring-security-web-6.5.0.jar, project-references: [ Game Application:compile ]</system-err></testcase><testcase classname="CVE-2026-22751" name="pkg:maven/org.springframework.security/spring-security-web@6.5.0"><failure message="cvssV3: MEDIUM, score: 4.8 (CVSS:3.1/AV:N/AC:H/PR:N/UI:N/S:U/C:L/I:L/A:N/E:2.2/RC:R/MAV:A)"/><system-out>Vulnerability in Spring Spring Security. Applications that explicitly configure One-Time Token login with JdbcOneTimeTokenService are vulnerable to a Time-of-check Time-of-use (TOCTOU) race condition. This issue affects Spring Security: from 6.4.0 through 6.4.15, from 6.5.0 through 6.5.9, from 7.0.0 through 7.0.4.</system-out><system-err>location: C:\Users\User\.m2\repository\org\springframework\security\spring-security-web\6.5.0\spring-security-web-6.5.0.jar, project-references: [ Game Application:compile ]</system-err></testcase><testcase classname="CVE-2026-22746" name="pkg:maven/org.springframework.security/spring-security-web@6.5.0"><failure message="cvssV3: LOW, score: 3.7 (CVSS:3.1/AV:N/AC:H/PR:N/UI:N/S:U/C:L/I:N/A:N/E:2.2/RC:R/MAV:A)"/><system-out>Vulnerability in Spring Spring Security. If an application is using the UserDetails#isEnabled, #isAccountNonExpired, or #isAccountNonLocked user attributes, to enable, expire, or lock users, then DaoAuthenticationProvider&apos;s timing attack defense can be bypassed for users who are disabled, expired, or locked.This issue affects Spring Security: from 5.7.0 through 5.7.22, from 5.8.0 through 5.8.24, from 6.3.0 through 6.3.15, from 6.5.0 through 6.5.9, from 7.0.0 through 7.0.4.</system-out><system-err>location: C:\Users\User\.m2\repository\org\springframework\security\spring-security-web\6.5.0\spring-security-web-6.5.0.jar, project-references: [ Game Application:compile ]</system-err></testcase></testsuite><testsuite failures="5" errors="0" time="0" id="43" name="C:\Users\User\.m2\repository\org\springframework\spring-web\6.2.7\spring-web-6.2.7.jar" package="spring-web-6.2.7.jar" skipped="0" tests="5" timestamp="2026-05-27T19:46:11.2235925"><testcase classname="CVE-2026-22740" name="pkg:maven/org.springframework/spring-web@6.2.7"><failure message="cvssV3: MEDIUM, score: 6.5 (CVSS:3.1/AV:N/AC:L/PR:L/UI:N/S:U/C:N/I:N/A:H/E:2.8/RC:R/MAV:A)"/><system-out>A WebFlux server application that processes multipart requests creates temp files for parts larger than 10 K. Under some circumstances, temp files may remain not deleted after the request is fully processed. This allows an attacker to consume available disk space.

Older, unsupported versions are also affected.</system-out><system-err>location: C:\Users\User\.m2\repository\org\springframework\spring-web\6.2.7\spring-web-6.2.7.jar, project-references: [ Game Application:compile ]</system-err></testcase><testcase classname="CVE-2026-22737" name="pkg:maven/org.springframework/spring-web@6.2.7"><failure message="cvssV3: MEDIUM, score: 5.9 (CVSS:3.1/AV:N/AC:H/PR:N/UI:N/S:U/C:H/I:N/A:N/E:2.2/RC:R/MAV:A)"/><system-out>Use of Java scripting engine enabled (e.g. JRuby, Jython) template views in Spring MVC and Spring WebFlux applications can result in disclosure of content from files outside the configured locations for script template views. This issue affects Spring Framework: from 7.0.0 through 7.0.5, from 6.2.0 through 6.2.16, from 6.1.0 through 6.1.25, from 5.3.0 through 5.3.46.</system-out><system-err>location: C:\Users\User\.m2\repository\org\springframework\spring-web\6.2.7\spring-web-6.2.7.jar, project-references: [ Game Application:compile ]</system-err></testcase><testcase classname="CVE-2026-22745" name="pkg:maven/org.springframework/spring-web@6.2.7"><failure message="cvssV3: MEDIUM, score: 5.3 (CVSS:3.1/AV:N/AC:L/PR:N/UI:N/S:U/C:N/I:N/A:L/E:3.9/RC:R/MAV:A)"/><system-out>Spring MVC and WebFlux applications are vulnerable to Denial of Service attacks when resolving static resources.


More precisely, an application can be vulnerable when all the following are true:

  *  the application is using Spring MVC or Spring WebFlux
  *  the application is serving static resources from the file system
  *  the application is running on a Windows platform


When all the conditions above are met, the attacker can send malicious requests that are slow to resolve and that can keep HTTP connections in use. This can cause a Denial of Service on the application.</system-out><system-err>location: C:\Users\User\.m2\repository\org\springframework\spring-web\6.2.7\spring-web-6.2.7.jar, project-references: [ Game Application:compile ]</system-err></testcase><testcase classname="CVE-2026-22741" name="pkg:maven/org.springframework/spring-web@6.2.7"><failure message="cvssV3: LOW, score: 3.1 (CVSS:3.1/AV:N/AC:H/PR:N/UI:R/S:U/C:N/I:N/A:L/E:1.6/RC:R/MAV:A)"/><system-out>Spring MVC and WebFlux applications are vulnerable to cache poisoning when resolving static resources.


More precisely, an application can be vulnerable when all the following are true:

  *  the application is using Spring MVC or Spring WebFlux
  *  the application is configuring the  resource chain support https://docs.spring.io/spring-framework/reference/web/webmvc/mvc-config/static-resources.html#page-title  with caching enabled
  *  the application adds support for encoded resources resolution
  *  the resource cache must be empty when the attacker has access to the application


When all the conditions above are met, the attacker can send malicious requests and poison the resource cache with resources using the wrong encoding. This can cause a denial of service by breaking the front-end application for clients.</system-out><system-err>location: C:\Users\User\.m2\repository\org\springframework\spring-web\6.2.7\spring-web-6.2.7.jar, project-references: [ Game Application:compile ]</system-err></testcase><testcase classname="CVE-2026-22735" name="pkg:maven/org.springframework/spring-web@6.2.7"><failure message="cvssV3: LOW, score: 2.6 (CVSS:3.1/AV:N/AC:H/PR:L/UI:R/S:U/C:N/I:L/A:N/E:1.2/RC:R/MAV:A)"/><system-out>Spring MVC and WebFlux applications are vulnerable to stream corruption when using Server-Sent Events (SSE). This issue affects Spring Foundation: from 7.0.0 through 7.0.5, from 6.2.0 through 6.2.16, from 6.1.0 through 6.1.25, from 5.3.0 through 5.3.46.</system-out><system-err>location: C:\Users\User\.m2\repository\org\springframework\spring-web\6.2.7\spring-web-6.2.7.jar, project-references: [ Game Application:compile ]</system-err></testcase></testsuite><testsuite failures="2" errors="0" time="0" id="44" name="C:\Users\User\.m2\repository\org\thymeleaf\thymeleaf\3.1.3.RELEASE\thymeleaf-3.1.3.RELEASE.jar" package="thymeleaf-3.1.3.RELEASE.jar" skipped="0" tests="2" timestamp="2026-05-27T19:46:11.2235925"><testcase classname="CVE-2026-40477" name="pkg:maven/org.thymeleaf/thymeleaf@3.1.3.RELEASE"><failure message="cvssV3: CRITICAL, score: 9.0 (CVSS:3.1/AV:N/AC:H/PR:N/UI:N/S:C/C:H/I:H/A:H/E:2.2/RC:R/MAV:A)"/><system-out>Thymeleaf is a server-side Java template engine for web and standalone environments. Versions 3.1.3.RELEASE and prior contain a security bypass vulnerability in the expression execution mechanisms. Although the library provides mechanisms to prevent expression injection, it fails to properly restrict the scope of accessible objects, allowing specific potentially sensitive objects to be reached from within a template. If an application developer passes unvalidated user input directly to the template engine, an unauthenticated remote attacker can bypass the library&apos;s protections to achieve Server-Side Template Injection (SSTI). This issue has ben fixed in version 3.1.4.RELEASE.</system-out><system-err>location: C:\Users\User\.m2\repository\org\thymeleaf\thymeleaf\3.1.3.RELEASE\thymeleaf-3.1.3.RELEASE.jar, project-references: [ Game Application:compile ]</system-err></testcase><testcase classname="CVE-2026-40478" name="pkg:maven/org.thymeleaf/thymeleaf@3.1.3.RELEASE"><failure message="cvssV3: CRITICAL, score: 9.0 (CVSS:3.1/AV:N/AC:H/PR:N/UI:N/S:C/C:H/I:H/A:H/E:2.2/RC:R/MAV:A)"/><system-out>Thymeleaf is a server-side Java template engine for web and standalone environments. Versions 3.1.3.RELEASE and prior contain a security bypass vulnerability in the the expression execution mechanisms. Although the library provides mechanisms to prevent expression injection, it fails to properly neutralize specific syntax patterns that allow for the execution of unauthorized expressions. If an application developer passes unvalidated user input directly to the template engine, an unauthenticated remote attacker can bypass the library&apos;s protections to achieve Server-Side Template Injection (SSTI). This issue has ben fixed in version 3.1.4.RELEASE.</system-out><system-err>location: C:\Users\User\.m2\repository\org\thymeleaf\thymeleaf\3.1.3.RELEASE\thymeleaf-3.1.3.RELEASE.jar, project-references: [ Game Application:compile ]</system-err></testcase></testsuite><testsuite failures="28" errors="0" time="0" id="45" name="C:\Users\User\.m2\repository\org\apache\tomcat\embed\tomcat-embed-core\10.1.40\tomcat-embed-core-10.1.40.jar" package="tomcat-embed-core-10.1.40.jar" skipped="0" tests="28" timestamp="2026-05-27T19:46:11.2235925"><testcase classname="CVE-2026-41293" name="pkg:maven/org.apache.tomcat.embed/tomcat-embed-core@10.1.40"><failure message="cvssV3: CRITICAL, score: 9.8 (CVSS:3.1/AV:N/AC:L/PR:N/UI:N/S:U/C:H/I:H/A:H/E:3.9/RC:R/MAV:A)"/><system-out>Improper Input Validation vulnerability in Apache Tomcat.

This issue affects Apache Tomcat: from 11.0.0-M1 through 11.0.21, from 10.1.0-M1 through 10.1.54, from 9.0.0.M1 through 9.0.117, from 10.0.0-M1 through 10.0.27.
Older, end of support versions may also be affected.

Users are recommended to upgrade to version [FIXED_VERSION], which fixes the issue.</system-out><system-err>location: C:\Users\User\.m2\repository\org\apache\tomcat\embed\tomcat-embed-core\10.1.40\tomcat-embed-core-10.1.40.jar, project-references: [ Game Application:compile ]</system-err></testcase><testcase classname="CVE-2026-43512" name="pkg:maven/org.apache.tomcat.embed/tomcat-embed-core@10.1.40"><failure message="cvssV3: CRITICAL, score: 9.8 (CVSS:3.1/AV:N/AC:L/PR:N/UI:N/S:U/C:H/I:H/A:H/E:3.9/RC:R/MAV:A)"/><system-out>DEPRECATED: Authentication Bypass Issues vulnerability in digest authentication in Apache Tomcat.

This issue affects Apache Tomcat: from 11.0.0-M1 through 11.0.21, from 10.1.0-M1 through 10.1.54, from 9.0.0.M1 through 9.0.117, from 8.5.0 through 8.5.100, from before 7.0.0.
Older unsupported versions any also be affect

Users are recommended to upgrade to version 11.0.22, 10.1.55 or 9.0.118 which fix the issue.</system-out><system-err>location: C:\Users\User\.m2\repository\org\apache\tomcat\embed\tomcat-embed-core\10.1.40\tomcat-embed-core-10.1.40.jar, project-references: [ Game Application:compile ]</system-err></testcase><testcase classname="CVE-2025-55754" name="pkg:maven/org.apache.tomcat.embed/tomcat-embed-core@10.1.40"><failure message="cvssV3: CRITICAL, score: 9.6 (CVSS:3.1/AV:N/AC:L/PR:N/UI:R/S:C/C:H/I:H/A:H/E:2.8/RC:R/MAV:A)"/><system-out>Improper Neutralization of Escape, Meta, or Control Sequences vulnerability in Apache Tomcat.

Tomcat did not escape ANSI escape sequences in log messages. If Tomcat was running in a console on a Windows operating system, and the console supported ANSI escape sequences, it was possible for an attacker to use a specially crafted URL to inject ANSI escape sequences to manipulate the console and the clipboard and attempt to trick an administrator into running an attacker controlled command. While no attack vector was found, it may have been possible to mount this attack on other operating systems.



This issue affects Apache Tomcat: from 11.0.0-M1 through 11.0.10, from 10.1.0-M1 through 10.1.44, from 9.0.40 through 9.0.108.

The following versions were EOL at the time the CVE was created but are 
known to be affected: 8.5.60 though 8.5.100. Other, older, EOL versions may also be affected.
Users are recommended to upgrade to version 11.0.11 or later, 10.1.45 or later or 9.0.109 or later, which fix the issue.</system-out><system-err>location: C:\Users\User\.m2\repository\org\apache\tomcat\embed\tomcat-embed-core\10.1.40\tomcat-embed-core-10.1.40.jar, project-references: [ Game Application:compile ]</system-err></testcase><testcase classname="CVE-2025-66614" name="pkg:maven/org.apache.tomcat.embed/tomcat-embed-core@10.1.40"><failure message="cvssV3: CRITICAL, score: 9.1 (CVSS:3.1/AV:N/AC:L/PR:N/UI:N/S:U/C:H/I:H/A:N/E:3.9/RC:R/MAV:A)"/><system-out>Improper Input Validation vulnerability.

This issue affects Apache Tomcat: from 11.0.0-M1 through 11.0.14, from 10.1.0-M1 through 10.1.49, from 9.0.0-M1 through 9.0.112.

The following versions were EOL at the time the CVE was created but are 
known to be affected: 8.5.0 through 8.5.100. Older EOL versions are not affected.
Tomcat did not validate that the host name provided via the SNI 
extension was the same as the host name provided in the HTTP host header 
field. If Tomcat was configured with more than one virtual host and the 
TLS configuration for one of those hosts did not require client 
certificate authentication but another one did, it was possible for a 
client to bypass the client certificate authentication by sending 
different host names in the SNI extension and the HTTP host header field.



The vulnerability only applies if client certificate authentication is 
only enforced at the Connector. It does not apply if client certificate 
authentication is enforced at the web application.


Users are recommended to upgrade to version 11.0.15 or later, 10.1.50 or later or 9.0.113 or later, which fix the issue.</system-out><system-err>location: C:\Users\User\.m2\repository\org\apache\tomcat\embed\tomcat-embed-core\10.1.40\tomcat-embed-core-10.1.40.jar, project-references: [ Game Application:compile ]</system-err></testcase><testcase classname="CVE-2026-29145" name="pkg:maven/org.apache.tomcat.embed/tomcat-embed-core@10.1.40"><failure message="cvssV3: CRITICAL, score: 9.1 (CVSS:3.1/AV:N/AC:L/PR:N/UI:N/S:U/C:H/I:H/A:N/E:3.9/RC:R/MAV:A)"/><system-out>CLIENT_CERT authentication does not fail as expected for some scenarios when soft fail is disabled vulnerability in Apache Tomcat, Apache Tomcat Native.

This issue affects Apache Tomcat: from 11.0.0-M1 through 11.0.18, from 10.1.0-M7 through 10.1.52, from 9.0.83 through 9.0.115; Apache Tomcat Native: from 1.1.23 through 1.1.34, from 1.2.0 through 1.2.39, from 1.3.0 through 1.3.6, from 2.0.0 through 2.0.13.

Users are recommended to upgrade to version Tomcat Native 1.3.7 or 2.0.14 and Tomcat 11.0.20, 10.1.53 and 9.0.116, which fix the issue.</system-out><system-err>location: C:\Users\User\.m2\repository\org\apache\tomcat\embed\tomcat-embed-core\10.1.40\tomcat-embed-core-10.1.40.jar, project-references: [ Game Application:compile ]</system-err></testcase><testcase classname="CVE-2026-43515" name="pkg:maven/org.apache.tomcat.embed/tomcat-embed-core@10.1.40"><failure message="cvssV3: CRITICAL, score: 9.1 (CVSS:3.1/AV:N/AC:L/PR:N/UI:N/S:U/C:H/I:H/A:N/E:3.9/RC:R/MAV:A)"/><system-out>Improper Authorization vulnerability when multiple method constraints define an HTTP method for the same extension in Apache Tomcat.

This issue affects Apache Tomcat: from 11.0.0-M1 through 11.0.21, from 10.1.0-M1 through 10.1.54, from 9.0.0.M1 through 9.0.117, from 8.5.0 through 8.5.100, from 7.0.0 through 7.0.109.

Users are recommended to upgrade to version 11.0.22, 10.1.55 or 9.0.118 which fix the issue.</system-out><system-err>location: C:\Users\User\.m2\repository\org\apache\tomcat\embed\tomcat-embed-core\10.1.40\tomcat-embed-core-10.1.40.jar, project-references: [ Game Application:compile ]</system-err></testcase><testcase classname="CVE-2025-49124" name="pkg:maven/org.apache.tomcat.embed/tomcat-embed-core@10.1.40"><failure message="cvssV3: HIGH, score: 8.4 (CVSS:3.1/AV:L/AC:L/PR:N/UI:N/S:U/C:H/I:H/A:H/E:2.5/RC:R/MAV:A)"/><system-out>Untrusted Search Path vulnerability in Apache Tomcat installer for Windows. During installation, the Tomcat installer for Windows used icacls.exe without specifying a full path.

This issue affects Apache Tomcat: from 11.0.0-M1 through 11.0.7, from 10.1.0 through 10.1.41, from 9.0.23 through 9.0.105.
The following versions were EOL at the time the CVE was created but are 
known to be affected: 8.5.0 through 8.5.100 and 7.0.95 through 7.0.109. Other EOL versions may also be affected.


Users are recommended to upgrade to version 11.0.8, 10.1.42 or 9.0.106, which fix the issue.</system-out><system-err>location: C:\Users\User\.m2\repository\org\apache\tomcat\embed\tomcat-embed-core\10.1.40\tomcat-embed-core-10.1.40.jar, project-references: [ Game Application:compile ]</system-err></testcase><testcase classname="CVE-2025-48988" name="pkg:maven/org.apache.tomcat.embed/tomcat-embed-core@10.1.40"><failure message="cvssV3: HIGH, score: 7.5 (CVSS:3.1/AV:N/AC:L/PR:N/UI:N/S:U/C:N/I:N/A:H/E:3.9/RC:R/MAV:A)"/><system-out>Allocation of Resources Without Limits or Throttling vulnerability in Apache Tomcat.

This issue affects Apache Tomcat: from 11.0.0-M1 through 11.0.7, from 10.1.0-M1 through 10.1.41, from 9.0.0.M1 through 9.0.105.
The following versions were EOL at the time the CVE was created but are 
known to be affected: 8.5.0 though 8.5.100. Other, older, EOL versions 
may also be affected.


Users are recommended to upgrade to version 11.0.8, 10.1.42 or 9.0.106, which fix the issue.</system-out><system-err>location: C:\Users\User\.m2\repository\org\apache\tomcat\embed\tomcat-embed-core\10.1.40\tomcat-embed-core-10.1.40.jar, project-references: [ Game Application:compile ]</system-err></testcase><testcase classname="CVE-2025-48989" name="pkg:maven/org.apache.tomcat.embed/tomcat-embed-core@10.1.40"><failure message="cvssV3: HIGH, score: 7.5 (CVSS:3.1/AV:N/AC:L/PR:N/UI:N/S:U/C:N/I:N/A:H/E:3.9/RC:R/MAV:A)"/><system-out>Improper Resource Shutdown or Release vulnerability in Apache Tomcat made Tomcat vulnerable to the made you reset attack.

This issue affects Apache Tomcat: from 11.0.0-M1 through 11.0.9, from 10.1.0-M1 through 10.1.43 and from 9.0.0.M1 through 9.0.107. Older, EOL versions may also be affected.

Users are recommended to upgrade to one of versions 11.0.10, 10.1.44 or 9.0.108 which fix the issue.</system-out><system-err>location: C:\Users\User\.m2\repository\org\apache\tomcat\embed\tomcat-embed-core\10.1.40\tomcat-embed-core-10.1.40.jar, project-references: [ Game Application:compile ]</system-err></testcase><testcase classname="CVE-2025-49125" name="pkg:maven/org.apache.tomcat.embed/tomcat-embed-core@10.1.40"><failure message="cvssV3: HIGH, score: 7.5 (CVSS:3.1/AV:N/AC:L/PR:N/UI:N/S:U/C:H/I:N/A:N/E:3.9/RC:R/MAV:A)"/><system-out>Authentication Bypass Using an Alternate Path or Channel vulnerability in Apache Tomcat.  When using PreResources or PostResources mounted other than at the root of the web application, it was possible to access those resources via an unexpected path. That path was likely not to be protected by the same security constraints as the expected path, allowing those security constraints to be bypassed.

This issue affects Apache Tomcat: from 11.0.0-M1 through 11.0.7, from 10.1.0-M1 through 10.1.41, from 9.0.0.M1 through 9.0.105.
The following versions were EOL at the time the CVE was created but are 
known to be affected: 8.5.0 through 8.5.100. Other, older, EOL versions 
may also be affected.


Users are recommended to upgrade to version 11.0.8, 10.1.42 or 9.0.106, which fix the issue.</system-out><system-err>location: C:\Users\User\.m2\repository\org\apache\tomcat\embed\tomcat-embed-core\10.1.40\tomcat-embed-core-10.1.40.jar, project-references: [ Game Application:compile ]</system-err></testcase><testcase classname="CVE-2025-52520" name="pkg:maven/org.apache.tomcat.embed/tomcat-embed-core@10.1.40"><failure message="cvssV3: HIGH, score: 7.5 (CVSS:3.1/AV:N/AC:L/PR:N/UI:N/S:U/C:N/I:N/A:H/E:3.9/RC:R/MAV:A)"/><system-out>For some unlikely configurations of multipart upload, an Integer Overflow vulnerability in Apache Tomcat could lead to a DoS via bypassing of size limits.

This issue affects Apache Tomcat: from 11.0.0-M1 through 11.0.8, from 10.1.0-M1 through 10.1.42, from 9.0.0.M1 through 9.0.106.
The following versions were EOL at the time the CVE was created but are 
known to be affected: 8.5.0 through 8.5.100. Other, older, EOL versions 
may also be affected.


Users are recommended to upgrade to version 11.0.9, 10.1.43 or 9.0.107, which fix the issue.</system-out><system-err>location: C:\Users\User\.m2\repository\org\apache\tomcat\embed\tomcat-embed-core\10.1.40\tomcat-embed-core-10.1.40.jar, project-references: [ Game Application:compile ]</system-err></testcase><testcase classname="CVE-2025-53506" name="pkg:maven/org.apache.tomcat.embed/tomcat-embed-core@10.1.40"><failure message="cvssV3: HIGH, score: 7.5 (CVSS:3.1/AV:N/AC:L/PR:N/UI:N/S:U/C:N/I:N/A:H/E:3.9/RC:R/MAV:A)"/><system-out>Uncontrolled Resource Consumption vulnerability in Apache Tomcat if an HTTP/2 client did not acknowledge the initial settings frame that reduces the maximum permitted concurrent streams.

This issue affects Apache Tomcat: from 11.0.0-M1 through 11.0.8, from 10.1.0-M1 through 10.1.42, from 9.0.0.M1 through 9.0.106.
The following versions were EOL at the time the CVE was created but are 
known to be affected: 8.5.0 through 8.5.100. Other EOL versions may also be affected.


Users are recommended to upgrade to version 11.0.9, 10.1.43 or 9.0.107, which fix the issue.</system-out><system-err>location: C:\Users\User\.m2\repository\org\apache\tomcat\embed\tomcat-embed-core\10.1.40\tomcat-embed-core-10.1.40.jar, project-references: [ Game Application:compile ]</system-err></testcase><testcase classname="CVE-2025-55752" name="pkg:maven/org.apache.tomcat.embed/tomcat-embed-core@10.1.40"><failure message="cvssV3: HIGH, score: 7.5 (CVSS:3.1/AV:N/AC:H/PR:L/UI:N/S:U/C:H/I:H/A:H/E:1.6/RC:R/MAV:A)"/><system-out>Relative Path Traversal vulnerability in Apache Tomcat.

The fix for bug 60013 introduced a regression where the       rewritten URL was normalized before it was decoded. This introduced the       possibility that, for rewrite rules that rewrite query parameters to the       URL, an attacker could manipulate the request URI to bypass security       constraints including the protection for /WEB-INF/ and /META-INF/. If PUT requests were also enabled then malicious files could be uploaded leading to remote code execution. PUT requests are normally limited to trusted users and it is considered unlikely that PUT requests would be enabled in conjunction with a rewrite that manipulated the URI.



This issue affects Apache Tomcat: from 11.0.0-M1 through 11.0.10, from 10.1.0-M1 through 10.1.44, from 9.0.0.M11 through 9.0.108.

The following versions were EOL at the time the CVE was created but are 
known to be affected: 8.5.6 though 8.5.100. Other, older, EOL versions may also be affected.
Users are recommended to upgrade to version 11.0.11 or later, 10.1.45 or later or 9.0.109 or later, which fix the issue.</system-out><system-err>location: C:\Users\User\.m2\repository\org\apache\tomcat\embed\tomcat-embed-core\10.1.40\tomcat-embed-core-10.1.40.jar, project-references: [ Game Application:compile ]</system-err></testcase><testcase classname="CVE-2026-24734" name="pkg:maven/org.apache.tomcat.embed/tomcat-embed-core@10.1.40"><failure message="cvssV3: HIGH, score: 7.5 (CVSS:3.1/AV:N/AC:L/PR:N/UI:N/S:U/C:N/I:H/A:N/E:3.9/RC:R/MAV:A)"/><system-out>Improper Input Validation vulnerability in Apache Tomcat Native, Apache Tomcat.

When using an OCSP responder, Tomcat Native (and Tomcat&apos;s FFM port of the Tomcat Native code) did not complete verification or freshness checks on the OCSP response which could allow certificate revocation to be bypassed.

This issue affects Apache Tomcat Native:  from 1.3.0 through 1.3.4, from 2.0.0 through 2.0.11; Apache Tomcat: from 11.0.0-M1 through 11.0.17, from 10.1.0-M7 through 10.1.51, from 9.0.83 through 9.0.114.


The following versions were EOL at the time the CVE was created but are 
known to be affected: from 1.1.23 through 1.1.34, from 1.2.0 through 1.2.39. Older EOL versions are not affected.

Apache Tomcat Native users are recommended to upgrade to versions 1.3.5 or later or 2.0.12 or later, which fix the issue.

Apache Tomcat users are recommended to upgrade to versions 11.0.18 or later, 10.1.52 or later or 9.0.115 or later which fix the issue.</system-out><system-err>location: C:\Users\User\.m2\repository\org\apache\tomcat\embed\tomcat-embed-core\10.1.40\tomcat-embed-core-10.1.40.jar, project-references: [ Game Application:compile ]</system-err></testcase><testcase classname="CVE-2026-24880" name="pkg:maven/org.apache.tomcat.embed/tomcat-embed-core@10.1.40"><failure message="cvssV3: HIGH, score: 7.5 (CVSS:3.1/AV:N/AC:L/PR:N/UI:N/S:U/C:N/I:H/A:N/E:3.9/RC:R/MAV:A)"/><system-out>Inconsistent Interpretation of HTTP Requests (&apos;HTTP Request/Response Smuggling&apos;) vulnerability in Apache Tomcat via invalid chunk extension.

This issue affects Apache Tomcat: from 11.0.0-M1 through 11.0.18, from 10.1.0-M1 through 10.1.52, from 9.0.0.M1 through 9.0.115, from 8.5.0 through 8.5.100, from 7.0.0 through 7.0.109.
Other, unsupported versions may also be affected.

Users are recommended to upgrade to version 11.0.20, 10.1.52 or 9.0.116, which fix the issue.</system-out><system-err>location: C:\Users\User\.m2\repository\org\apache\tomcat\embed\tomcat-embed-core\10.1.40\tomcat-embed-core-10.1.40.jar, project-references: [ Game Application:compile ]</system-err></testcase><testcase classname="CVE-2026-29146" name="pkg:maven/org.apache.tomcat.embed/tomcat-embed-core@10.1.40"><failure message="cvssV3: HIGH, score: 7.5 (CVSS:3.1/AV:N/AC:L/PR:N/UI:N/S:U/C:H/I:N/A:N/E:3.9/RC:R/MAV:A)"/><system-out>Padding Oracle vulnerability in Apache Tomcat&apos;s EncryptInterceptor with default configuration.

This issue affects Apache Tomcat: from 11.0.0-M1 through 11.0.18, from 10.0.0-M1 through 10.1.52, from 9.0.13 through 9..115, from 8.5.38 through 8.5.100, from 7.0.100 through 7.0.109.

Users are recommended to upgrade to version 11.0.19, 10.1.53 and 9.0.116, which fixes the issue.</system-out><system-err>location: C:\Users\User\.m2\repository\org\apache\tomcat\embed\tomcat-embed-core\10.1.40\tomcat-embed-core-10.1.40.jar, project-references: [ Game Application:compile ]</system-err></testcase><testcase classname="CVE-2026-34483" name="pkg:maven/org.apache.tomcat.embed/tomcat-embed-core@10.1.40"><failure message="cvssV3: HIGH, score: 7.5 (CVSS:3.1/AV:N/AC:L/PR:N/UI:N/S:U/C:H/I:N/A:N/E:3.9/RC:R/MAV:A)"/><system-out>Improper Encoding or Escaping of Output vulnerability in the JsonAccessLogValve component of Apache Tomcat.

This issue affects Apache Tomcat: from 11.0.0-M1 through 11.0.20, from 10.1.0-M1 through 10.1.53, from 9.0.40 through 9.0.116.

Users are recommended to upgrade to version 11.0.21, 10.1.54 or 9.0.117 , which fix the issue.</system-out><system-err>location: C:\Users\User\.m2\repository\org\apache\tomcat\embed\tomcat-embed-core\10.1.40\tomcat-embed-core-10.1.40.jar, project-references: [ Game Application:compile ]</system-err></testcase><testcase classname="CVE-2026-34487" name="pkg:maven/org.apache.tomcat.embed/tomcat-embed-core@10.1.40"><failure message="cvssV3: HIGH, score: 7.5 (CVSS:3.1/AV:N/AC:L/PR:N/UI:N/S:U/C:H/I:N/A:N/E:3.9/RC:R/MAV:A)"/><system-out>Insertion of Sensitive Information into Log File vulnerability in the cloud membership for clustering component of Apache Tomcat exposed the Kubernetes bearer token.

This issue affects Apache Tomcat: from 11.0.0-M1 through 11.0.20, from 10.1.0-M1 through 10.1.53, from 9.0.13 through 9.0.116.

Users are recommended to upgrade to version 11.0.21, 10.1.54 or 9.0.117, which fix the issue.</system-out><system-err>location: C:\Users\User\.m2\repository\org\apache\tomcat\embed\tomcat-embed-core\10.1.40\tomcat-embed-core-10.1.40.jar, project-references: [ Game Application:compile ]</system-err></testcase><testcase classname="CVE-2026-41284" name="pkg:maven/org.apache.tomcat.embed/tomcat-embed-core@10.1.40"><failure message="cvssV3: HIGH, score: 7.5 (CVSS:3.1/AV:N/AC:L/PR:N/UI:N/S:U/C:N/I:N/A:H/E:3.9/RC:R/MAV:A)"/><system-out>Allocation of Resources Without Limits or Throttling vulnerability in Apache Tomcat.

This issue affects Apache Tomcat: from 11.0.0-M1 through 11.0.21, from 10.1.0-M1 through 10.1.54, from 9.0.0.M1 through 9.0.117.
Older, unsupported versions may also be affected.

Users are recommended to upgrade to version [FIXED_VERSION], which fixes the issue.</system-out><system-err>location: C:\Users\User\.m2\repository\org\apache\tomcat\embed\tomcat-embed-core\10.1.40\tomcat-embed-core-10.1.40.jar, project-references: [ Game Application:compile ]</system-err></testcase><testcase classname="CVE-2026-43513" name="pkg:maven/org.apache.tomcat.embed/tomcat-embed-core@10.1.40"><failure message="cvssV3: HIGH, score: 7.5 (CVSS:3.1/AV:N/AC:L/PR:N/UI:N/S:U/C:H/I:N/A:N/E:3.9/RC:R/MAV:A)"/><system-out>Improper Handling of Case Sensitivity vulnerability in LockOutRealm in Apache Tomcat.

This issue affects Apache Tomcat: from 11.0.0-M1 through 11.0.21, from 10.1.0-M1 through 10.1.54, from 9.0.0.M1 through 9.0.117, from 8.5.0 through 8.5.100, from 7.0.0 through 7.0.109.
Older unsupported versions may also be affected.

Users are recommended to upgrade to version 11.0.22, 10.1.55 or 9.0.118 which fix the issue.</system-out><system-err>location: C:\Users\User\.m2\repository\org\apache\tomcat\embed\tomcat-embed-core\10.1.40\tomcat-embed-core-10.1.40.jar, project-references: [ Game Application:compile ]</system-err></testcase><testcase classname="CVE-2025-46701" name="pkg:maven/org.apache.tomcat.embed/tomcat-embed-core@10.1.40"><failure message="cvssV3: HIGH, score: 7.3 (CVSS:3.1/AV:N/AC:L/PR:N/UI:N/S:U/C:L/I:L/A:L/E:3.9/RC:R/MAV:A)"/><system-out>Improper Handling of Case Sensitivity vulnerability in Apache Tomcat&apos;s GCI servlet allows security constraint bypass of security constraints that apply to the pathInfo component of a URI mapped to the CGI servlet.

This issue affects Apache Tomcat: from 11.0.0-M1 through 11.0.6, from 10.1.0-M1 through 10.1.40, from 9.0.0.M1 through 9.0.104.
The following versions were EOL at the time the CVE was created but are 
known to be affected: 8.5.0 though 8.5.100. Other, older, EOL versions 
may also be affected.


Users are recommended to upgrade to version 11.0.7, 10.1.41 or 9.0.105, which fixes the issue.</system-out><system-err>location: C:\Users\User\.m2\repository\org\apache\tomcat\embed\tomcat-embed-core\10.1.40\tomcat-embed-core-10.1.40.jar, project-references: [ Game Application:compile ]</system-err></testcase><testcase classname="CVE-2026-42498" name="pkg:maven/org.apache.tomcat.embed/tomcat-embed-core@10.1.40"><failure message="cvssV3: HIGH, score: 7.3 (CVSS:3.1/AV:N/AC:L/PR:N/UI:N/S:U/C:L/I:L/A:L/E:3.9/RC:R/MAV:A)"/><system-out>Exposure of HTTP Authentication Header to unexpected hosts during WebSocket authentication vulnerability in Apache Tomcat.

This issue affects Apache Tomcat: from 11.0.0-M1 through 11.0.21, from 10.1.0-M1 through 10.1.54, from 9.0.2 through 9.0.117, from 8.5.24 through 8.5.100, from 7.0.83 through 7.0.109.

Users are recommended to upgrade to version 11.0.22, 10.1.55 or 9.0.118, which fix the issue.</system-out><system-err>location: C:\Users\User\.m2\repository\org\apache\tomcat\embed\tomcat-embed-core\10.1.40\tomcat-embed-core-10.1.40.jar, project-references: [ Game Application:compile ]</system-err></testcase><testcase classname="CVE-2025-55668" name="pkg:maven/org.apache.tomcat.embed/tomcat-embed-core@10.1.40"><failure message="cvssV3: MEDIUM, score: 6.5 (CVSS:3.1/AV:N/AC:L/PR:N/UI:R/S:U/C:H/I:N/A:N/E:2.8/RC:R/MAV:A)"/><system-out>Session Fixation vulnerability in Apache Tomcat via rewrite valve.

This issue affects Apache Tomcat: from 11.0.0-M1 through 11.0.7, from 10.1.0-M1 through 10.1.41, from 9.0.0.M1 through 9.0.105.
Older, EOL versions may also be affected.

Users are recommended to upgrade to version 11.0.8, 10.1.42 or 9.0.106, which fix the issue.</system-out><system-err>location: C:\Users\User\.m2\repository\org\apache\tomcat\embed\tomcat-embed-core\10.1.40\tomcat-embed-core-10.1.40.jar, project-references: [ Game Application:compile ]</system-err></testcase><testcase classname="CVE-2026-34500" name="pkg:maven/org.apache.tomcat.embed/tomcat-embed-core@10.1.40"><failure message="cvssV3: MEDIUM, score: 6.5 (CVSS:3.1/AV:N/AC:H/PR:N/UI:N/S:U/C:H/I:L/A:N/E:2.2/RC:R/MAV:A)"/><system-out>CLIENT_CERT authentication does not fail as expected for some scenarios when soft fail is disabled and FFM is used in Apache Tomcat.

This issue affects Apache Tomcat: from 11.0.0-M14 through 11.0.20, from 10.1.22 through 10.1.53, from 9.0.92 through 9.0.116.

Users are recommended to upgrade to version 11.0.21, 10.1.54 or 9.0.117, which fixes the issue.</system-out><system-err>location: C:\Users\User\.m2\repository\org\apache\tomcat\embed\tomcat-embed-core\10.1.40\tomcat-embed-core-10.1.40.jar, project-references: [ Game Application:compile ]</system-err></testcase><testcase classname="CVE-2026-25854" name="pkg:maven/org.apache.tomcat.embed/tomcat-embed-core@10.1.40"><failure message="cvssV3: MEDIUM, score: 6.1 (CVSS:3.1/AV:N/AC:L/PR:N/UI:R/S:C/C:L/I:L/A:N/E:2.8/RC:R/MAV:A)"/><system-out>Occasional URL redirection to untrusted Site (&apos;Open Redirect&apos;) vulnerability in Apache Tomcat via the LoadBalancerDrainingValve.

This issue affects Apache Tomcat: from 11.0.0-M1 through 11.0.18, from 10.1.0-M1 through 10.1.52, from 9.0.0.M23 through 9.0.115, from 8.5.30 through 8.5.100.
Other, unsupported versions may also be affected

Users are recommended to upgrade to version 11.0.20, 10.1.53 or 9.0.116, which fix the issue.</system-out><system-err>location: C:\Users\User\.m2\repository\org\apache\tomcat\embed\tomcat-embed-core\10.1.40\tomcat-embed-core-10.1.40.jar, project-references: [ Game Application:compile ]</system-err></testcase><testcase classname="CVE-2025-61795" name="pkg:maven/org.apache.tomcat.embed/tomcat-embed-core@10.1.40"><failure message="cvssV3: MEDIUM, score: 5.3 (CVSS:3.1/AV:N/AC:H/PR:L/UI:N/S:U/C:N/I:N/A:H/E:1.6/RC:R/MAV:A)"/><system-out>Improper Resource Shutdown or Release vulnerability in Apache Tomcat.

If an error occurred (including exceeding limits) during the processing of a multipart upload, temporary copies of the uploaded parts written to disc were not cleaned up immediately but left for the garbage collection process to delete. Depending on JVM settings, application memory usage and application load, it was possible that space for the temporary copies of uploaded parts would be filled faster than GC cleared it, leading to a DoS.



This issue affects Apache Tomcat: from 11.0.0-M1 through 11.0.11, from 10.1.0-M1 through 10.1.46, from 9.0.0.M1 through 9.0.109.

The following versions were EOL at the time the CVE was created but are 
known to be affected: 8.5.0 though 8.5.100. Other, older, EOL versions may also be affected.
Users are recommended to upgrade to version 11.0.12 or later, 10.1.47 or later or 9.0.110 or later which fixes the issue.</system-out><system-err>location: C:\Users\User\.m2\repository\org\apache\tomcat\embed\tomcat-embed-core\10.1.40\tomcat-embed-core-10.1.40.jar, project-references: [ Game Application:compile ]</system-err></testcase><testcase classname="CVE-2026-24733" name="pkg:maven/org.apache.tomcat.embed/tomcat-embed-core@10.1.40"><failure message="cvssV3: LOW, score: 3.7 (CVSS:3.1/AV:N/AC:H/PR:N/UI:N/S:U/C:N/I:L/A:N/E:2.2/RC:R/MAV:A)"/><system-out>Improper Input Validation vulnerability in Apache Tomcat.


Tomcat did not limit HTTP/0.9 requests to the GET method. If a security 
constraint was configured to allow HEAD requests to a URI but deny GET 
requests, the user could bypass that constraint on GET requests by 
sending a (specification invalid) HEAD request using HTTP/0.9.


This issue affects Apache Tomcat: from 11.0.0-M1 through 11.0.14, from 10.1.0-M1 through 10.1.49, from 9.0.0.M1 through 9.0.112.


Older, EOL versions are also affected.

Users are recommended to upgrade to version 11.0.15 or later, 10.1.50 or later or 9.0.113 or later, which fixes the issue.</system-out><system-err>location: C:\Users\User\.m2\repository\org\apache\tomcat\embed\tomcat-embed-core\10.1.40\tomcat-embed-core-10.1.40.jar, project-references: [ Game Application:compile ]</system-err></testcase><testcase classname="CVE-2026-43514" name="pkg:maven/org.apache.tomcat.embed/tomcat-embed-core@10.1.40"><failure message="cvssV3: LOW, score: 3.7 (CVSS:3.1/AV:N/AC:H/PR:N/UI:N/S:U/C:L/I:N/A:N/E:2.2/RC:R/MAV:A)"/><system-out>Observable Timing Discrepancy vulnerability when comparing AJP secret in Apache Tomcat.

This issue affects Apache Tomcat: from 11.0.0-M1 through 11.0.21, from 10.1.0-M1 through 10.1.54, from 9.0.0.M1 through 9.0.117, from 8.5.0 through 8.5.100, from 7.0.0 through 7.0.109.
Older unsupported versions may also be affected.

Users are recommended to upgrade to version 11.0.22, 10.1.55 or 9.0.118 which fix the issue.</system-out><system-err>location: C:\Users\User\.m2\repository\org\apache\tomcat\embed\tomcat-embed-core\10.1.40\tomcat-embed-core-10.1.40.jar, project-references: [ Game Application:compile ]</system-err></testcase></testsuite><testsuite failures="0" errors="0" time="0" id="46" name="C:\Users\User\.m2\repository\org\apache\tomcat\embed\tomcat-embed-el\10.1.40\tomcat-embed-el-10.1.40.jar" package="tomcat-embed-el-10.1.40.jar" skipped="0" tests="1" timestamp="2026-05-27T19:46:11.2235925"><testcase classname="dependency-check" name="tomcat-embed-el-10.1.40.jar"/></testsuite><testsuite failures="0" errors="0" time="0" id="47" name="C:\Users\User\.m2\repository\org\glassfish\jaxb\txw2\4.0.5\txw2-4.0.5.jar" package="txw2-4.0.5.jar" skipped="0" tests="1" timestamp="2026-05-27T19:46:11.2235925"><testcase classname="dependency-check" name="txw2-4.0.5.jar"/></testsuite><testsuite failures="0" errors="0" time="0" id="48" name="C:\Users\User\.m2\repository\org\unbescape\unbescape\1.1.6.RELEASE\unbescape-1.1.6.RELEASE.jar" package="unbescape-1.1.6.RELEASE.jar" skipped="0" tests="1" timestamp="2026-05-27T19:46:11.2235925"><testcase classname="dependency-check" name="unbescape-1.1.6.RELEASE.jar"/></testsuite></testsuites>